This file contains any messages produced by compilers while
running configure, to aid debugging if configure makes a mistake.

It was created by WPL compiler configure 1.0, which was
generated by GNU Autoconf 2.67.  Invocation command line was

  $ ./configure --prefix=/usr/test

## --------- ##
## Platform. ##
## --------- ##

hostname = november.local.goliathdns.no
uname -m = x86_64
uname -r = 2.6.32-5-amd64
uname -s = Linux
uname -v = #1 SMP Sun Sep 23 10:07:46 UTC 2012

/usr/bin/uname -p = unknown
/bin/uname -X     = unknown

/bin/arch              = unknown
/usr/bin/arch -k       = unknown
/usr/convex/getsysinfo = unknown
/usr/bin/hostinfo      = unknown
/bin/machine           = unknown
/usr/bin/oslevel       = unknown
/bin/universe          = unknown

PATH: /usr/local/sbin
PATH: /usr/local/bin
PATH: /usr/sbin
PATH: /usr/bin
PATH: /sbin
PATH: /bin


## ----------- ##
## Core tests. ##
## ----------- ##

configure:2405: checking for a BSD-compatible install
configure:2473: result: /usr/bin/install -c
configure:2484: checking whether build environment is sane
configure:2534: result: yes
configure:2675: checking for a thread-safe mkdir -p
configure:2714: result: /bin/mkdir -p
configure:2727: checking for gawk
configure:2757: result: no
configure:2727: checking for mawk
configure:2743: found /usr/bin/mawk
configure:2754: result: mawk
configure:2765: checking whether make sets $(MAKE)
configure:2787: result: yes
configure:2896: checking build system type
configure:2910: result: x86_64-unknown-linux-gnu
configure:2930: checking host system type
configure:2943: result: x86_64-unknown-linux-gnu
configure:2975: checking for style of include used by make
configure:3003: result: GNU
configure:3073: checking for gcc
configure:3089: found /usr/bin/gcc
configure:3100: result: gcc
configure:3329: checking for C compiler version
configure:3338: gcc --version >&5
gcc (Debian 4.7.2-5) 4.7.2
Copyright (C) 2012 Free Software Foundation, Inc.
This is free software; see the source for copying conditions.  There is NO
warranty; not even for MERCHANTABILITY or FITNESS FOR A PARTICULAR PURPOSE.

configure:3349: $? = 0
configure:3338: gcc -v >&5
Using built-in specs.
COLLECT_GCC=gcc
COLLECT_LTO_WRAPPER=/usr/lib/gcc/x86_64-linux-gnu/4.7/lto-wrapper
Target: x86_64-linux-gnu
Configured with: ../src/configure -v --with-pkgversion='Debian 4.7.2-5' --with-bugurl=file:///usr/share/doc/gcc-4.7/README.Bugs --enable-languages=c,c++,go,fortran,objc,obj-c++ --prefix=/usr --program-suffix=-4.7 --enable-shared --enable-linker-build-id --with-system-zlib --libexecdir=/usr/lib --without-included-gettext --enable-threads=posix --with-gxx-include-dir=/usr/include/c++/4.7 --libdir=/usr/lib --enable-nls --with-sysroot=/ --enable-clocale=gnu --enable-libstdcxx-debug --enable-libstdcxx-time=yes --enable-gnu-unique-object --enable-plugin --enable-objc-gc --with-arch-32=i586 --with-tune=generic --enable-checking=release --build=x86_64-linux-gnu --host=x86_64-linux-gnu --target=x86_64-linux-gnu
Thread model: posix
gcc version 4.7.2 (Debian 4.7.2-5) 
configure:3349: $? = 0
configure:3338: gcc -V >&5
gcc: error: unrecognized command line option '-V'
gcc: fatal error: no input files
compilation terminated.
configure:3349: $? = 4
configure:3338: gcc -qversion >&5
gcc: error: unrecognized command line option '-qversion'
gcc: fatal error: no input files
compilation terminated.
configure:3349: $? = 4
configure:3369: checking whether the C compiler works
configure:3391: gcc    conftest.c  >&5
configure:3395: $? = 0
configure:3443: result: yes
configure:3446: checking for C compiler default output file name
configure:3448: result: a.out
configure:3454: checking for suffix of executables
configure:3461: gcc -o conftest    conftest.c  >&5
configure:3465: $? = 0
configure:3487: result: 
configure:3509: checking whether we are cross compiling
configure:3517: gcc -o conftest    conftest.c  >&5
configure:3521: $? = 0
configure:3528: ./conftest
configure:3532: $? = 0
configure:3547: result: no
configure:3552: checking for suffix of object files
configure:3574: gcc -c   conftest.c >&5
configure:3578: $? = 0
configure:3599: result: o
configure:3603: checking whether we are using the GNU C compiler
configure:3622: gcc -c   conftest.c >&5
configure:3622: $? = 0
configure:3631: result: yes
configure:3640: checking whether gcc accepts -g
configure:3660: gcc -c -g  conftest.c >&5
configure:3660: $? = 0
configure:3701: result: yes
configure:3718: checking for gcc option to accept ISO C89
configure:3782: gcc  -c -g -O2  conftest.c >&5
configure:3782: $? = 0
configure:3795: result: none needed
configure:3817: checking dependency style of gcc
configure:3927: result: gcc3
configure:3942: checking for a sed that does not truncate output
configure:4006: result: /bin/sed
configure:4024: checking for grep that handles long lines and -e
configure:4082: result: /bin/grep
configure:4087: checking for egrep
configure:4149: result: /bin/grep -E
configure:4154: checking for fgrep
configure:4216: result: /bin/grep -F
configure:4251: checking for ld used by gcc
configure:4318: result: /usr/bin/ld
configure:4325: checking if the linker (/usr/bin/ld) is GNU ld
configure:4340: result: yes
configure:4352: checking for BSD- or MS-compatible name lister (nm)
configure:4401: result: /usr/bin/nm -B
configure:4519: checking the name lister (/usr/bin/nm -B) interface
configure:4526: gcc -c -g -O2  conftest.c >&5
configure:4529: /usr/bin/nm -B "conftest.o"
configure:4532: output
0000000000000000 B some_variable
configure:4539: result: BSD nm
configure:4542: checking whether ln -s works
configure:4546: result: yes
configure:4554: checking the maximum length of command line arguments
configure:4674: result: 1572864
configure:4691: checking whether the shell understands some XSI constructs
configure:4701: result: yes
configure:4705: checking whether the shell understands "+="
configure:4711: result: yes
configure:4746: checking for /usr/bin/ld option to reload object files
configure:4753: result: -r
configure:4822: checking for objdump
configure:4838: found /usr/bin/objdump
configure:4849: result: objdump
configure:4881: checking how to recognize dependent libraries
configure:5077: result: pass_all
configure:5137: checking for ar
configure:5153: found /usr/bin/ar
configure:5164: result: ar
configure:5242: checking for strip
configure:5258: found /usr/bin/strip
configure:5269: result: strip
configure:5341: checking for ranlib
configure:5357: found /usr/bin/ranlib
configure:5368: result: ranlib
configure:5458: checking command to parse /usr/bin/nm -B output from gcc object
configure:5576: gcc -c -g -O2  conftest.c >&5
configure:5579: $? = 0
configure:5583: /usr/bin/nm -B conftest.o \| sed -n -e 's/^.*[	 ]\([ABCDGIRSTW][ABCDGIRSTW]*\)[	 ][	 ]*\([_A-Za-z][_A-Za-z0-9]*\)$/\1 \2 \2/p' \> conftest.nm
configure:5586: $? = 0
configure:5640: gcc -o conftest -g -O2   conftest.c conftstm.o >&5
configure:5643: $? = 0
configure:5681: result: ok
configure:5777: gcc -c -g -O2  conftest.c >&5
configure:5780: $? = 0
configure:6490: checking how to run the C preprocessor
configure:6521: gcc -E  conftest.c
configure:6521: $? = 0
configure:6535: gcc -E  conftest.c
conftest.c:11:28: fatal error: ac_nonexistent.h: No such file or directory
compilation terminated.
configure:6535: $? = 1
configure: failed program was:
| /* confdefs.h */
| #define PACKAGE_NAME "WPL compiler"
| #define PACKAGE_TARNAME "wpl-compiler"
| #define PACKAGE_VERSION "1.0"
| #define PACKAGE_STRING "WPL compiler 1.0"
| #define PACKAGE_BUGREPORT "atle@goliathdns.no"
| #define PACKAGE_URL ""
| #define PACKAGE "wpl-compiler"
| #define VERSION "1.0"
| /* end confdefs.h.  */
| #include <ac_nonexistent.h>
configure:6560: result: gcc -E
configure:6580: gcc -E  conftest.c
configure:6580: $? = 0
configure:6594: gcc -E  conftest.c
conftest.c:11:28: fatal error: ac_nonexistent.h: No such file or directory
compilation terminated.
configure:6594: $? = 1
configure: failed program was:
| /* confdefs.h */
| #define PACKAGE_NAME "WPL compiler"
| #define PACKAGE_TARNAME "wpl-compiler"
| #define PACKAGE_VERSION "1.0"
| #define PACKAGE_STRING "WPL compiler 1.0"
| #define PACKAGE_BUGREPORT "atle@goliathdns.no"
| #define PACKAGE_URL ""
| #define PACKAGE "wpl-compiler"
| #define VERSION "1.0"
| /* end confdefs.h.  */
| #include <ac_nonexistent.h>
configure:6623: checking for ANSI C header files
configure:6643: gcc -c -g -O2  conftest.c >&5
configure:6643: $? = 0
configure:6716: gcc -o conftest -g -O2   conftest.c  >&5
configure:6716: $? = 0
configure:6716: ./conftest
configure:6716: $? = 0
configure:6727: result: yes
configure:6740: checking for sys/types.h
configure:6740: gcc -c -g -O2  conftest.c >&5
configure:6740: $? = 0
configure:6740: result: yes
configure:6740: checking for sys/stat.h
configure:6740: gcc -c -g -O2  conftest.c >&5
configure:6740: $? = 0
configure:6740: result: yes
configure:6740: checking for stdlib.h
configure:6740: gcc -c -g -O2  conftest.c >&5
configure:6740: $? = 0
configure:6740: result: yes
configure:6740: checking for string.h
configure:6740: gcc -c -g -O2  conftest.c >&5
configure:6740: $? = 0
configure:6740: result: yes
configure:6740: checking for memory.h
configure:6740: gcc -c -g -O2  conftest.c >&5
configure:6740: $? = 0
configure:6740: result: yes
configure:6740: checking for strings.h
configure:6740: gcc -c -g -O2  conftest.c >&5
configure:6740: $? = 0
configure:6740: result: yes
configure:6740: checking for inttypes.h
configure:6740: gcc -c -g -O2  conftest.c >&5
configure:6740: $? = 0
configure:6740: result: yes
configure:6740: checking for stdint.h
configure:6740: gcc -c -g -O2  conftest.c >&5
configure:6740: $? = 0
configure:6740: result: yes
configure:6740: checking for unistd.h
configure:6740: gcc -c -g -O2  conftest.c >&5
configure:6740: $? = 0
configure:6740: result: yes
configure:6754: checking for dlfcn.h
configure:6754: gcc -c -g -O2  conftest.c >&5
configure:6754: $? = 0
configure:6754: result: yes
configure:6938: checking for objdir
configure:6953: result: .libs
configure:7249: checking if gcc supports -fno-rtti -fno-exceptions
configure:7267: gcc -c -g -O2  -fno-rtti -fno-exceptions conftest.c >&5
cc1: warning: command line option '-fno-rtti' is valid for C++/ObjC++ but not for C [enabled by default]
configure:7271: $? = 0
configure:7284: result: no
configure:7304: checking for gcc option to produce PIC
configure:7576: result: -fPIC -DPIC
configure:7588: checking if gcc PIC flag -fPIC -DPIC works
configure:7606: gcc -c -g -O2  -fPIC -DPIC -DPIC conftest.c >&5
configure:7610: $? = 0
configure:7623: result: yes
configure:7647: checking if gcc static flag -static works
configure:7675: result: yes
configure:7690: checking if gcc supports -c -o file.o
configure:7711: gcc -c -g -O2  -o out/conftest2.o conftest.c >&5
configure:7715: $? = 0
configure:7737: result: yes
configure:7745: checking if gcc supports -c -o file.o
configure:7792: result: yes
configure:7825: checking whether the gcc linker (/usr/bin/ld -m elf_x86_64) supports shared libraries
configure:8816: result: yes
configure:8853: checking whether -lc should be explicitly linked in
configure:8858: gcc -c -g -O2  conftest.c >&5
configure:8861: $? = 0
configure:8876: gcc -shared conftest.o  -v -Wl,-soname -Wl,conftest -o conftest 2\>\&1 \| /bin/grep  -lc  \>/dev/null 2\>\&1
configure:8879: $? = 0
configure:8891: result: no
configure:9055: checking dynamic linker characteristics
configure:9488: gcc -o conftest -g -O2   -Wl,-rpath -Wl,/foo conftest.c  >&5
configure:9488: $? = 0
configure:9718: result: GNU/Linux ld.so
configure:9820: checking how to hardcode library paths into programs
configure:9845: result: immediate
configure:10365: checking whether stripping libraries is possible
configure:10370: result: yes
configure:10405: checking if libtool supports shared libraries
configure:10407: result: yes
configure:10410: checking whether to build shared libraries
configure:10431: result: yes
configure:10434: checking whether to build static libraries
configure:10438: result: yes
configure:10533: checking for g++
configure:10549: found /usr/bin/g++
configure:10560: result: g++
configure:10587: checking for C++ compiler version
configure:10596: g++ --version >&5
g++ (Debian 4.7.2-5) 4.7.2
Copyright (C) 2012 Free Software Foundation, Inc.
This is free software; see the source for copying conditions.  There is NO
warranty; not even for MERCHANTABILITY or FITNESS FOR A PARTICULAR PURPOSE.

configure:10607: $? = 0
configure:10596: g++ -v >&5
Using built-in specs.
COLLECT_GCC=g++
COLLECT_LTO_WRAPPER=/usr/lib/gcc/x86_64-linux-gnu/4.7/lto-wrapper
Target: x86_64-linux-gnu
Configured with: ../src/configure -v --with-pkgversion='Debian 4.7.2-5' --with-bugurl=file:///usr/share/doc/gcc-4.7/README.Bugs --enable-languages=c,c++,go,fortran,objc,obj-c++ --prefix=/usr --program-suffix=-4.7 --enable-shared --enable-linker-build-id --with-system-zlib --libexecdir=/usr/lib --without-included-gettext --enable-threads=posix --with-gxx-include-dir=/usr/include/c++/4.7 --libdir=/usr/lib --enable-nls --with-sysroot=/ --enable-clocale=gnu --enable-libstdcxx-debug --enable-libstdcxx-time=yes --enable-gnu-unique-object --enable-plugin --enable-objc-gc --with-arch-32=i586 --with-tune=generic --enable-checking=release --build=x86_64-linux-gnu --host=x86_64-linux-gnu --target=x86_64-linux-gnu
Thread model: posix
gcc version 4.7.2 (Debian 4.7.2-5) 
configure:10607: $? = 0
configure:10596: g++ -V >&5
g++: error: unrecognized command line option '-V'
g++: fatal error: no input files
compilation terminated.
configure:10607: $? = 4
configure:10596: g++ -qversion >&5
g++: error: unrecognized command line option '-qversion'
g++: fatal error: no input files
compilation terminated.
configure:10607: $? = 4
configure:10611: checking whether we are using the GNU C++ compiler
configure:10630: g++ -c   conftest.cpp >&5
configure:10630: $? = 0
configure:10639: result: yes
configure:10648: checking whether g++ accepts -g
configure:10668: g++ -c -g  conftest.cpp >&5
configure:10668: $? = 0
configure:10709: result: yes
configure:10734: checking dependency style of g++
configure:10844: result: gcc3
configure:10972: checking for C++ compiler version
configure:10981: g++ --version >&5
g++ (Debian 4.7.2-5) 4.7.2
Copyright (C) 2012 Free Software Foundation, Inc.
This is free software; see the source for copying conditions.  There is NO
warranty; not even for MERCHANTABILITY or FITNESS FOR A PARTICULAR PURPOSE.

configure:10992: $? = 0
configure:10981: g++ -v >&5
Using built-in specs.
COLLECT_GCC=g++
COLLECT_LTO_WRAPPER=/usr/lib/gcc/x86_64-linux-gnu/4.7/lto-wrapper
Target: x86_64-linux-gnu
Configured with: ../src/configure -v --with-pkgversion='Debian 4.7.2-5' --with-bugurl=file:///usr/share/doc/gcc-4.7/README.Bugs --enable-languages=c,c++,go,fortran,objc,obj-c++ --prefix=/usr --program-suffix=-4.7 --enable-shared --enable-linker-build-id --with-system-zlib --libexecdir=/usr/lib --without-included-gettext --enable-threads=posix --with-gxx-include-dir=/usr/include/c++/4.7 --libdir=/usr/lib --enable-nls --with-sysroot=/ --enable-clocale=gnu --enable-libstdcxx-debug --enable-libstdcxx-time=yes --enable-gnu-unique-object --enable-plugin --enable-objc-gc --with-arch-32=i586 --with-tune=generic --enable-checking=release --build=x86_64-linux-gnu --host=x86_64-linux-gnu --target=x86_64-linux-gnu
Thread model: posix
gcc version 4.7.2 (Debian 4.7.2-5) 
configure:10992: $? = 0
configure:10981: g++ -V >&5
g++: error: unrecognized command line option '-V'
g++: fatal error: no input files
compilation terminated.
configure:10992: $? = 4
configure:10981: g++ -qversion >&5
g++: error: unrecognized command line option '-qversion'
g++: fatal error: no input files
compilation terminated.
configure:10992: $? = 4
configure:10996: checking whether we are using the GNU C++ compiler
configure:11024: result: yes
configure:11033: checking whether g++ accepts -g
configure:11094: result: yes
configure:11119: checking dependency style of g++
configure:11229: result: gcc3
configure:11252: checking how to run the C++ preprocessor
configure:11279: g++ -E  conftest.cpp
configure:11279: $? = 0
configure:11293: g++ -E  conftest.cpp
conftest.cpp:23:28: fatal error: ac_nonexistent.h: No such file or directory
compilation terminated.
configure:11293: $? = 1
configure: failed program was:
| /* confdefs.h */
| #define PACKAGE_NAME "WPL compiler"
| #define PACKAGE_TARNAME "wpl-compiler"
| #define PACKAGE_VERSION "1.0"
| #define PACKAGE_STRING "WPL compiler 1.0"
| #define PACKAGE_BUGREPORT "atle@goliathdns.no"
| #define PACKAGE_URL ""
| #define PACKAGE "wpl-compiler"
| #define VERSION "1.0"
| #define STDC_HEADERS 1
| #define HAVE_SYS_TYPES_H 1
| #define HAVE_SYS_STAT_H 1
| #define HAVE_STDLIB_H 1
| #define HAVE_STRING_H 1
| #define HAVE_MEMORY_H 1
| #define HAVE_STRINGS_H 1
| #define HAVE_INTTYPES_H 1
| #define HAVE_STDINT_H 1
| #define HAVE_UNISTD_H 1
| #define HAVE_DLFCN_H 1
| #define LT_OBJDIR ".libs/"
| /* end confdefs.h.  */
| #include <ac_nonexistent.h>
configure:11318: result: g++ -E
configure:11338: g++ -E  conftest.cpp
configure:11338: $? = 0
configure:11352: g++ -E  conftest.cpp
conftest.cpp:23:28: fatal error: ac_nonexistent.h: No such file or directory
compilation terminated.
configure:11352: $? = 1
configure: failed program was:
| /* confdefs.h */
| #define PACKAGE_NAME "WPL compiler"
| #define PACKAGE_TARNAME "wpl-compiler"
| #define PACKAGE_VERSION "1.0"
| #define PACKAGE_STRING "WPL compiler 1.0"
| #define PACKAGE_BUGREPORT "atle@goliathdns.no"
| #define PACKAGE_URL ""
| #define PACKAGE "wpl-compiler"
| #define VERSION "1.0"
| #define STDC_HEADERS 1
| #define HAVE_SYS_TYPES_H 1
| #define HAVE_SYS_STAT_H 1
| #define HAVE_STDLIB_H 1
| #define HAVE_STRING_H 1
| #define HAVE_MEMORY_H 1
| #define HAVE_STRINGS_H 1
| #define HAVE_INTTYPES_H 1
| #define HAVE_STDINT_H 1
| #define HAVE_UNISTD_H 1
| #define HAVE_DLFCN_H 1
| #define LT_OBJDIR ".libs/"
| /* end confdefs.h.  */
| #include <ac_nonexistent.h>
configure:11520: checking for ld used by g++
configure:11587: result: /usr/bin/ld -m elf_x86_64
configure:11594: checking if the linker (/usr/bin/ld -m elf_x86_64) is GNU ld
configure:11609: result: yes
configure:11664: checking whether the g++ linker (/usr/bin/ld -m elf_x86_64) supports shared libraries
configure:12577: result: yes
configure:12605: g++ -c -g -O2  conftest.cpp >&5
configure:12608: $? = 0
configure:12790: checking for g++ option to produce PIC
configure:13107: result: -fPIC -DPIC
configure:13116: checking if g++ PIC flag -fPIC -DPIC works
configure:13134: g++ -c -g -O2  -fPIC -DPIC -DPIC conftest.cpp >&5
configure:13138: $? = 0
configure:13151: result: yes
configure:13172: checking if g++ static flag -static works
configure:13200: result: yes
configure:13212: checking if g++ supports -c -o file.o
configure:13233: g++ -c -g -O2  -o out/conftest2.o conftest.cpp >&5
configure:13237: $? = 0
configure:13259: result: yes
configure:13264: checking if g++ supports -c -o file.o
configure:13311: result: yes
configure:13341: checking whether the g++ linker (/usr/bin/ld -m elf_x86_64) supports shared libraries
configure:13370: result: yes
configure:13507: checking dynamic linker characteristics
configure:13888: g++ -o conftest -g -O2   -Wl,-rpath -Wl,/foo conftest.cpp  >&5
configure:13888: $? = 0
configure:14118: result: GNU/Linux ld.so
configure:14169: checking how to hardcode library paths into programs
configure:14194: result: immediate
configure:14281: checking for gcc
configure:14308: result: gcc
configure:14537: checking for C compiler version
configure:14546: gcc --version >&5
gcc (Debian 4.7.2-5) 4.7.2
Copyright (C) 2012 Free Software Foundation, Inc.
This is free software; see the source for copying conditions.  There is NO
warranty; not even for MERCHANTABILITY or FITNESS FOR A PARTICULAR PURPOSE.

configure:14557: $? = 0
configure:14546: gcc -v >&5
Using built-in specs.
COLLECT_GCC=gcc
COLLECT_LTO_WRAPPER=/usr/lib/gcc/x86_64-linux-gnu/4.7/lto-wrapper
Target: x86_64-linux-gnu
Configured with: ../src/configure -v --with-pkgversion='Debian 4.7.2-5' --with-bugurl=file:///usr/share/doc/gcc-4.7/README.Bugs --enable-languages=c,c++,go,fortran,objc,obj-c++ --prefix=/usr --program-suffix=-4.7 --enable-shared --enable-linker-build-id --with-system-zlib --libexecdir=/usr/lib --without-included-gettext --enable-threads=posix --with-gxx-include-dir=/usr/include/c++/4.7 --libdir=/usr/lib --enable-nls --with-sysroot=/ --enable-clocale=gnu --enable-libstdcxx-debug --enable-libstdcxx-time=yes --enable-gnu-unique-object --enable-plugin --enable-objc-gc --with-arch-32=i586 --with-tune=generic --enable-checking=release --build=x86_64-linux-gnu --host=x86_64-linux-gnu --target=x86_64-linux-gnu
Thread model: posix
gcc version 4.7.2 (Debian 4.7.2-5) 
configure:14557: $? = 0
configure:14546: gcc -V >&5
gcc: error: unrecognized command line option '-V'
gcc: fatal error: no input files
compilation terminated.
configure:14557: $? = 4
configure:14546: gcc -qversion >&5
gcc: error: unrecognized command line option '-qversion'
gcc: fatal error: no input files
compilation terminated.
configure:14557: $? = 4
configure:14561: checking whether we are using the GNU C compiler
configure:14589: result: yes
configure:14598: checking whether gcc accepts -g
configure:14659: result: yes
configure:14676: checking for gcc option to accept ISO C89
configure:14753: result: none needed
configure:14775: checking dependency style of gcc
configure:14885: result: gcc3
configure:14902: checking whether gcc and cc understand -c and -o together
configure:14933: gcc -c conftest.c -o conftest2.o >&5
configure:14937: $? = 0
configure:14943: gcc -c conftest.c -o conftest2.o >&5
configure:14947: $? = 0
configure:14958: cc -c conftest.c >&5
configure:14962: $? = 0
configure:14970: cc -c conftest.c -o conftest2.o >&5
configure:14974: $? = 0
configure:14980: cc -c conftest.c -o conftest2.o >&5
configure:14984: $? = 0
configure:15002: result: yes
configure:15039: checking for mysql_config
configure:15055: found /usr/bin/mysql_config
configure:15067: result: mysql_config
configure:15082: checking for dlopen in -ldl
configure:15107: gcc -o conftest -g -O2   conftest.c -ldl   >&5
configure:15107: $? = 0
configure:15116: result: yes
configure:15124: checking for mimetic::MimeEntity in -lmimetic
configure:15225: gcc -o conftest -g -O2   conftest.c -lmimetic   >&5
conftest.c:24:2: error: unknown type name 'namespace'
conftest.c:25:2: error: expected '=', ',', ';', 'asm' or '__attribute__' before '{' token
conftest.c: In function 'main':
conftest.c:33:1: error: unknown type name 'new'
conftest.c:33:12: error: expected '=', ',', ';', 'asm' or '__attribute__' before ':' token
configure:15225: $? = 1
configure: failed program was:
| /* confdefs.h */
| #define PACKAGE_NAME "WPL compiler"
| #define PACKAGE_TARNAME "wpl-compiler"
| #define PACKAGE_VERSION "1.0"
| #define PACKAGE_STRING "WPL compiler 1.0"
| #define PACKAGE_BUGREPORT "atle@goliathdns.no"
| #define PACKAGE_URL ""
| #define PACKAGE "wpl-compiler"
| #define VERSION "1.0"
| #define STDC_HEADERS 1
| #define HAVE_SYS_TYPES_H 1
| #define HAVE_SYS_STAT_H 1
| #define HAVE_STDLIB_H 1
| #define HAVE_STRING_H 1
| #define HAVE_MEMORY_H 1
| #define HAVE_STRINGS_H 1
| #define HAVE_INTTYPES_H 1
| #define HAVE_STDINT_H 1
| #define HAVE_UNISTD_H 1
| #define HAVE_DLFCN_H 1
| #define LT_OBJDIR ".libs/"
| /* end confdefs.h.  */
| 
|  namespace mimetic
|  { class MimeEntity
|    { public: MimeEntity ();
|    };
|  }
| 
| int
| main ()
| {
| new mimetic::MimeEntity()
|   ;
|   return 0;
| }
configure:15261: result: no
configure:15486: creating ./config.status

## ---------------------- ##
## Running config.status. ##
## ---------------------- ##

This file was extended by WPL compiler config.status 1.0, which was
generated by GNU Autoconf 2.67.  Invocation command line was

  CONFIG_FILES    = 
  CONFIG_HEADERS  = 
  CONFIG_LINKS    = 
  CONFIG_COMMANDS = 
  $ ./config.status 

on november.local.goliathdns.no

config.status:1144: creating Makefile
config.status:1144: creating src/Makefile
config.status:1144: creating bin/Makefile
config.status:1144: creating src/libwpl/Makefile
config.status:1144: creating src/libwpl/libwpl-1.0.pc
config.status:1144: creating src/libmysql/Makefile
config.status:1144: creating src/libmysql/libwpl_mysql-1.0.pc
config.status:1144: creating config.h
config.status:1324: config.h is unchanged
config.status:1372: executing depfiles commands
config.status:1372: executing libtool commands

## ---------------- ##
## Cache variables. ##
## ---------------- ##

ac_cv_build=x86_64-unknown-linux-gnu
ac_cv_c_compiler_gnu=yes
ac_cv_cxx_compiler_gnu=yes
ac_cv_env_CCC_set=
ac_cv_env_CCC_value=
ac_cv_env_CC_set=
ac_cv_env_CC_value=
ac_cv_env_CFLAGS_set=
ac_cv_env_CFLAGS_value=
ac_cv_env_CPPFLAGS_set=
ac_cv_env_CPPFLAGS_value=
ac_cv_env_CPP_set=
ac_cv_env_CPP_value=
ac_cv_env_CXXCPP_set=
ac_cv_env_CXXCPP_value=
ac_cv_env_CXXFLAGS_set=
ac_cv_env_CXXFLAGS_value=
ac_cv_env_CXX_set=
ac_cv_env_CXX_value=
ac_cv_env_LDFLAGS_set=
ac_cv_env_LDFLAGS_value=
ac_cv_env_LIBS_set=
ac_cv_env_LIBS_value=
ac_cv_env_build_alias_set=
ac_cv_env_build_alias_value=
ac_cv_env_host_alias_set=
ac_cv_env_host_alias_value=
ac_cv_env_target_alias_set=
ac_cv_env_target_alias_value=
ac_cv_header_dlfcn_h=yes
ac_cv_header_inttypes_h=yes
ac_cv_header_memory_h=yes
ac_cv_header_stdc=yes
ac_cv_header_stdint_h=yes
ac_cv_header_stdlib_h=yes
ac_cv_header_string_h=yes
ac_cv_header_strings_h=yes
ac_cv_header_sys_stat_h=yes
ac_cv_header_sys_types_h=yes
ac_cv_header_unistd_h=yes
ac_cv_host=x86_64-unknown-linux-gnu
ac_cv_lib_dl_dlopen=yes
ac_cv_lib_mimetic_mimetic__MimeEntity=no
ac_cv_objext=o
ac_cv_path_EGREP='/bin/grep -E'
ac_cv_path_FGREP='/bin/grep -F'
ac_cv_path_GREP=/bin/grep
ac_cv_path_SED=/bin/sed
ac_cv_path_install='/usr/bin/install -c'
ac_cv_path_mkdir=/bin/mkdir
ac_cv_prog_AWK=mawk
ac_cv_prog_CPP='gcc -E'
ac_cv_prog_CXXCPP='g++ -E'
ac_cv_prog_MYSQL_CONFIG=mysql_config
ac_cv_prog_ac_ct_AR=ar
ac_cv_prog_ac_ct_CC=gcc
ac_cv_prog_ac_ct_CXX=g++
ac_cv_prog_ac_ct_OBJDUMP=objdump
ac_cv_prog_ac_ct_RANLIB=ranlib
ac_cv_prog_ac_ct_STRIP=strip
ac_cv_prog_cc_c89=
ac_cv_prog_cc_g=yes
ac_cv_prog_cc_gcc_c_o=yes
ac_cv_prog_cxx_g=yes
ac_cv_prog_make_make_set=yes
am_cv_CC_dependencies_compiler_type=gcc3
am_cv_CXX_dependencies_compiler_type=gcc3
lt_cv_deplibs_check_method=pass_all
lt_cv_file_magic_cmd='$MAGIC_CMD'
lt_cv_file_magic_test_file=
lt_cv_ld_reload_flag=-r
lt_cv_nm_interface='BSD nm'
lt_cv_objdir=.libs
lt_cv_path_LD=/usr/bin/ld
lt_cv_path_LDCXX='/usr/bin/ld -m elf_x86_64'
lt_cv_path_NM='/usr/bin/nm -B'
lt_cv_prog_compiler_c_o=yes
lt_cv_prog_compiler_c_o_CXX=yes
lt_cv_prog_compiler_pic_works=yes
lt_cv_prog_compiler_pic_works_CXX=yes
lt_cv_prog_compiler_rtti_exceptions=no
lt_cv_prog_compiler_static_works=yes
lt_cv_prog_compiler_static_works_CXX=yes
lt_cv_prog_gnu_ld=yes
lt_cv_prog_gnu_ldcxx=yes
lt_cv_sys_global_symbol_pipe='sed -n -e '\''s/^.*[	 ]\([ABCDGIRSTW][ABCDGIRSTW]*\)[	 ][	 ]*\([_A-Za-z][_A-Za-z0-9]*\)$/\1 \2 \2/p'\'''
lt_cv_sys_global_symbol_to_c_name_address='sed -n -e '\''s/^: \([^ ]*\) $/  {\"\1\", (void *) 0},/p'\'' -e '\''s/^[ABCDGIRSTW]* \([^ ]*\) \([^ ]*\)$/  {"\2", (void *) \&\2},/p'\'''
lt_cv_sys_global_symbol_to_c_name_address_lib_prefix='sed -n -e '\''s/^: \([^ ]*\) $/  {\"\1\", (void *) 0},/p'\'' -e '\''s/^[ABCDGIRSTW]* \([^ ]*\) \(lib[^ ]*\)$/  {"\2", (void *) \&\2},/p'\'' -e '\''s/^[ABCDGIRSTW]* \([^ ]*\) \([^ ]*\)$/  {"lib\2", (void *) \&\2},/p'\'''
lt_cv_sys_global_symbol_to_cdecl='sed -n -e '\''s/^T .* \(.*\)$/extern int \1();/p'\'' -e '\''s/^[ABCDGIRSTW]* .* \(.*\)$/extern char \1;/p'\'''
lt_cv_sys_max_cmd_len=1572864

## ----------------- ##
## Output variables. ##
## ----------------- ##

ACLOCAL='${SHELL} /home/atle/P-star/missing --run aclocal-1.11'
AMDEPBACKSLASH='\'
AMDEP_FALSE='#'
AMDEP_TRUE=''
AMTAR='${SHELL} /home/atle/P-star/missing --run tar'
AR='ar'
AUTOCONF='${SHELL} /home/atle/P-star/missing --run autoconf'
AUTOHEADER='${SHELL} /home/atle/P-star/missing --run autoheader'
AUTOMAKE='${SHELL} /home/atle/P-star/missing --run automake-1.11'
AWK='mawk'
CC='gcc'
CCDEPMODE='depmode=gcc3'
CFLAGS='-g -O2'
CPP='gcc -E'
CPPFLAGS=''
CXX='g++'
CXXCPP='g++ -E'
CXXDEPMODE='depmode=gcc3'
CXXFLAGS='-g -O2'
CYGPATH_W='echo'
DEFS='-DHAVE_CONFIG_H'
DEPDIR='.deps'
DSYMUTIL=''
DUMPBIN=''
ECHO_C=''
ECHO_N='-n'
ECHO_T=''
EGREP='/bin/grep -E'
EXEEXT=''
FGREP='/bin/grep -F'
GREP='/bin/grep'
INSTALL_DATA='${INSTALL} -m 644'
INSTALL_PROGRAM='${INSTALL}'
INSTALL_SCRIPT='${INSTALL}'
INSTALL_STRIP_PROGRAM='$(install_sh) -c -s'
LD='/usr/bin/ld -m elf_x86_64'
LDFLAGS=''
LIBOBJS=''
LIBS=''
LIBTOOL='$(SHELL) $(top_builddir)/libtool'
LIB_DL='-ldl'
LIPO=''
LN_S='ln -s'
LTLIBOBJS=''
MAKEINFO='${SHELL} /home/atle/P-star/missing --run makeinfo'
MKDIR_P='/bin/mkdir -p'
MYSQL_CONFIG='mysql_config'
MYSQL_INCLUDES='-I/usr/include/mysql'
MYSQL_LIBS='-rdynamic -L/usr/lib/mysql -lmysqlclient'
NM='/usr/bin/nm -B'
NMEDIT=''
OBJDUMP='objdump'
OBJEXT='o'
OTOOL64=''
OTOOL=''
PACKAGE='wpl-compiler'
PACKAGE_BUGREPORT='atle@goliathdns.no'
PACKAGE_NAME='WPL compiler'
PACKAGE_STRING='WPL compiler 1.0'
PACKAGE_TARNAME='wpl-compiler'
PACKAGE_URL=''
PACKAGE_VERSION='1.0'
PATH_SEPARATOR=':'
RANLIB='ranlib'
SED='/bin/sed'
SET_MAKE=''
SHELL='/bin/bash'
STRIP='strip'
VERSION='1.0'
ac_ct_CC='gcc'
ac_ct_CXX='g++'
ac_ct_DUMPBIN=''
am__EXEEXT_FALSE=''
am__EXEEXT_TRUE='#'
am__fastdepCC_FALSE='#'
am__fastdepCC_TRUE=''
am__fastdepCXX_FALSE='#'
am__fastdepCXX_TRUE=''
am__include='include'
am__isrc=''
am__leading_dot='.'
am__quote=''
am__tar='${AMTAR} chof - "$$tardir"'
am__untar='${AMTAR} xf -'
bindir='${exec_prefix}/bin'
build='x86_64-unknown-linux-gnu'
build_alias=''
build_cpu='x86_64'
build_os='linux-gnu'
build_vendor='unknown'
datadir='${datarootdir}'
datarootdir='${prefix}/share'
docdir='${datarootdir}/doc/${PACKAGE_TARNAME}'
dvidir='${docdir}'
exec_prefix='${prefix}'
host='x86_64-unknown-linux-gnu'
host_alias=''
host_cpu='x86_64'
host_os='linux-gnu'
host_vendor='unknown'
htmldir='${docdir}'
includedir='${prefix}/include'
infodir='${datarootdir}/info'
install_sh='${SHELL} /home/atle/P-star/install-sh'
libdir='${exec_prefix}/lib'
libexecdir='${exec_prefix}/libexec'
localedir='${datarootdir}/locale'
localstatedir='${prefix}/var'
lt_ECHO='echo'
mandir='${datarootdir}/man'
mkdir_p='/bin/mkdir -p'
oldincludedir='/usr/include'
pdfdir='${docdir}'
prefix='/usr/test'
program_transform_name='s,x,x,'
psdir='${docdir}'
sbindir='${exec_prefix}/sbin'
sharedstatedir='${prefix}/com'
sysconfdir='${prefix}/etc'
target_alias=''

## ----------- ##
## confdefs.h. ##
## ----------- ##

/* confdefs.h */
#define PACKAGE_NAME "WPL compiler"
#define PACKAGE_TARNAME "wpl-compiler"
#define PACKAGE_VERSION "1.0"
#define PACKAGE_STRING "WPL compiler 1.0"
#define PACKAGE_BUGREPORT "atle@goliathdns.no"
#define PACKAGE_URL ""
#define PACKAGE "wpl-compiler"
#define VERSION "1.0"
#define STDC_HEADERS 1
#define HAVE_SYS_TYPES_H 1
#define HAVE_SYS_STAT_H 1
#define HAVE_STDLIB_H 1
#define HAVE_STRING_H 1
#define HAVE_MEMORY_H 1
#define HAVE_STRINGS_H 1
#define HAVE_INTTYPES_H 1
#define HAVE_STDINT_H 1
#define HAVE_UNISTD_H 1
#define HAVE_DLFCN_H 1
#define LT_OBJDIR ".libs/"
#define WPL_BLOCK_MAX_CHILDREN 64
#define WPL_VARNAME_SIZE 64
#define WPL_EXPRESSION_MAX 64
#define WPL_MYSQL_BIND_MAX 32

configure: exit 0

## ---------------------- ##
## Running config.status. ##
## ---------------------- ##

This file was extended by WPL compiler config.status 1.0, which was
generated by GNU Autoconf 2.67.  Invocation command line was

  CONFIG_FILES    = 
  CONFIG_HEADERS  = 
  CONFIG_LINKS    = 
  CONFIG_COMMANDS = 
  $ ./config.status config.h

on november.local.goliathdns.no

config.status:1144: creating config.h
config.status:1324: config.h is unchanged
