#
# A fatal error has been detected by the Java Runtime Environment:
#
#  SIGILL (0x4) at pc=0x0000000007510c3b, pid=2945, tid=68478720
#
# JRE version: 7.0_25-b15
# Java VM: Java HotSpot(TM) 64-Bit Server VM (23.25-b01 mixed mode linux-amd64 compressed oops)
# Problematic frame:
# J  com.sun.tools.javac.file.ZipFileIndex$Entry.compareTo(Ljava/lang/Object;)I
#
# Failed to write core dump. Core dumps have been disabled. To enable core dumping, try "ulimit -c unlimited" before starting Java again
#
# If you would like to submit a bug report, please visit:
#   http://bugreport.sun.com/bugreport/crash.jsp
#

---------------  T H R E A D  ---------------

Current thread (0x0000000005832000):  JavaThread "main" [_thread_in_Java, id=2948, stack(0x000000000404e000,0x000000000414f000)]

siginfo:si_signo=SIGILL: si_errno=0, si_code=1 (ILL_ILLOPC), si_addr=0x0000000007510c3b

Registers:
RAX=0xfffffffffffffff0, RBX=0x000000003ea9d128, RCX=0x0000000000000050, RDX=0x0000000000000010
RSP=0x000000000414ca18, RBP=0x0000000007d53a2b, RSI=0x000000003ea9d2c2, RDI=0x000000003ea9d1a2
R8 =0x000000003ea9d290, R9 =0x000000003ea9d248, R10=0x000000003ea9d170, R11=0x0000000007d53a2e
R12=0x0000000000000000, R13=0x000000000414ca58, R14=0x0000000039ca2c00, R15=0x0000000005832000
RIP=0x0000000007510c3b, EFLAGS=0x0000000000000085, CSGSFS=0x0000000000000000, ERR=0x0000000000000000
  TRAPNO=0x0000000000000000

Top of Stack: (sp=0x000000000414ca18)
0x000000000414ca18:   00000000ffffffe7 000000003ea9d128
0x000000000414ca28:   000000000414ca28 0000000039ca2a8d
0x000000000414ca38:   000000000414ca80 000000000414caa8
0x000000000414ca48:   0000000007496982 0000000007496982
0x000000000414ca58:   000000003ea9d248 000000003ea9d128
0x000000000414ca68:   000000000414ca68 0000000039ca57a6
0x000000000414ca78:   000000000414caf0 0000000039ca73f0
0x000000000414ca88:   0000000039caac78 0000000039ca5850
0x000000000414ca98:   000000000414ca58 000000000414cad8
0x000000000414caa8:   000000000414cb38 0000000007496158
0x000000000414cab8:   000000000000086d 000000000000086f
0x000000000414cac8:   000000000000086c 000000003ea9d128
0x000000000414cad8:   000000000000086f 0000000000000888
0x000000000414cae8:   000000000000086c 00000000e53e72e8
0x000000000414caf8:   000000000414caf8 0000000039ca5601
0x000000000414cb08:   000000000414cb80 0000000039ca73f0
0x000000000414cb18:   0000000000000000 0000000039ca5678
0x000000000414cb28:   000000000414cad8 000000000414cb70
0x000000000414cb38:   000000000414cbc8 0000000007496158
0x000000000414cb48:   000000000000001c 0000000000000003
0x000000000414cb58:   000000000000001c 00000000e53c7f88
0x000000000414cb68:   0000000000002eb5 0000000000003721
0x000000000414cb78:   000000000000086c 00000000e53e72e8
0x000000000414cb88:   000000000414cb88 0000000039ca54c4
0x000000000414cb98:   000000000414cbd8 0000000039ca73f0
0x000000000414cba8:   0000000000000000 0000000039ca54d0
0x000000000414cbb8:   000000000414cb70 000000000414cbd8
0x000000000414cbc8:   000000000414cc20 0000000007496158
0x000000000414cbd8:   00000000e53e72e8 000000000414cbe0
0x000000000414cbe8:   000000003977521e 000000000414cc30
0x000000000414cbf8:   000000003977ce10 0000000000000000
0x000000000414cc08:   0000000039775230 000000000414cbd8 

Instructions: (pc=0x0000000007510c3b)
0x0000000007510c1b:   00 48 83 c7 02 48 83 c6 02 8b c2 83 e2 f8 74 54
0x0000000007510c2b:   48 8d 3c 47 48 8d 34 46 48 f7 d8 c5 fa 6f 04 47
0x0000000007510c3b:   c4 e3 79 61 04 46 19 72 29 48 83 c0 08 48 83 ea
0x0000000007510c4b:   08 75 e8 85 c0 74 4b ba 08 00 00 00 b8 08 00 00 

Register to memory mapping:

RAX=0xfffffffffffffff0 is an unknown value
RBX=0x000000003ea9d128 is an oop
com.sun.tools.javac.file.ZipFileIndex$Entry 
 - klass: 'com/sun/tools/javac/file/ZipFileIndex$Entry'
RCX=0x0000000000000050 is an unknown value
RDX=0x0000000000000010 is an unknown value
RSP=0x000000000414ca18 is pointing into the stack for thread: 0x0000000005832000
RBP=0x0000000007d53a2b is an unknown value
RSI=0x000000003ea9d2c2 is an oop
[C 
 - klass: {type array char}
 - length: 42
RDI=0x000000003ea9d1a2 is an oop
[C 
 - klass: {type array char}
 - length: 17
R8 =0x000000003ea9d290 is an oop
[C 
 - klass: {type array char}
 - length: 42
R9 =0x000000003ea9d248 is an oop
com.sun.tools.javac.file.ZipFileIndex$Entry 
 - klass: 'com/sun/tools/javac/file/ZipFileIndex$Entry'
R10=0x000000003ea9d170 is an oop
[C 
 - klass: {type array char}
 - length: 17
R11=0x0000000007d53a2e is an unknown value
R12=0x0000000000000000 is an unknown value
R13=0x000000000414ca58 is pointing into the stack for thread: 0x0000000005832000
R14=0x0000000039ca2c00 is an oop
{instance class} 
 - klass: {other class}
R15=0x0000000005832000 is a thread


Stack: [0x000000000404e000,0x000000000414f000],  sp=0x000000000414ca18,  free space=1018k
Native frames: (J=compiled Java code, j=interpreted, Vv=VM code, C=native code)
J  com.sun.tools.javac.file.ZipFileIndex$Entry.compareTo(Ljava/lang/Object;)I


---------------  P R O C E S S  ---------------

Java Threads: ( => current thread )
  0x0000000016301000 JavaThread "Service Thread" daemon [_thread_blocked, id=2963, stack(0x00000000188b7000,0x00000000189b8000)]
  0x00000000166ef000 JavaThread "C2 CompilerThread1" daemon [_thread_blocked, id=2962, stack(0x00000000187b6000,0x00000000188b7000)]
  0x00000000166ed000 JavaThread "C2 CompilerThread0" daemon [_thread_blocked, id=2961, stack(0x00000000186b5000,0x00000000187b6000)]
  0x00000000162fb800 JavaThread "Signal Dispatcher" daemon [_thread_blocked, id=2960, stack(0x00000000185b4000,0x00000000186b5000)]
  0x0000000015f7b000 JavaThread "Finalizer" daemon [_thread_blocked, id=2959, stack(0x00000000181bb000,0x00000000182bc000)]
  0x0000000005c15000 JavaThread "Reference Handler" daemon [_thread_blocked, id=2958, stack(0x00000000180ba000,0x00000000181bb000)]
=>0x0000000005832000 JavaThread "main" [_thread_in_Java, id=2948, stack(0x000000000404e000,0x000000000414f000)]

Other Threads:
  0x0000000005c06000 VMThread [stack: 0x0000000017fb9000,0x00000000180ba000] [id=2957]
  0x000000001630b000 WatcherThread [stack: 0x00000000189b8000,0x0000000018ab9000] [id=2964]

VM state:not at safepoint (normal execution)

VM Mutex/Monitor currently owned by a thread: None

Heap
 PSYoungGen      total 6656K, used 979K [0x00000000e5300000, 0x00000000e6000000, 0x0000000138850000)
  eden space 6144K, 15% used [0x00000000e5300000,0x00000000e53f4f80,0x00000000e5900000)
  from space 512K, 0% used [0x00000000e5900000,0x00000000e5900000,0x00000000e5980000)
  to   space 512K, 0% used [0x00000000e5f80000,0x00000000e5f80000,0x00000000e6000000)
 ParOldGen       total 13248K, used 4687K [0x000000003e850000, 0x000000003f540000, 0x00000000e5300000)
  object space 13248K, 35% used [0x000000003e850000,0x000000003ece3ea8,0x000000003f540000)
 PSPermGen       total 21248K, used 6507K [0x0000000039650000, 0x000000003ab10000, 0x000000003e850000)
  object space 21248K, 30% used [0x0000000039650000,0x0000000039caaf48,0x000000003ab10000)

Card table byte_map: [0x000000000a550000,0x000000000ad4a000] byte_map_base: 0x000000000a384d80

Polling page: 0x0000000004024000

Code Cache  [0x0000000007490000, 0x0000000007700000, 0x000000000a490000)
 total_blobs=285 nmethods=62 adapters=175 free_code_cache=48603Kb largest_free_block=49728896

Compilation events (10 events):
