#
# A fatal error has been detected by the Java Runtime Environment:
#
#  SIGILL (0x4) at pc=0x000000000751213e, pid=10926, tid=68478720
#
# JRE version: 7.0_25-b15
# Java VM: Java HotSpot(TM) 64-Bit Server VM (23.25-b01 mixed mode linux-amd64 compressed oops)
# Problematic frame:
# J  com.sun.tools.javac.file.ZipFileIndex$Entry.compareTo(Ljava/lang/Object;)I
#
# Failed to write core dump. Core dumps have been disabled. To enable core dumping, try "ulimit -c unlimited" before starting Java again
#
# If you would like to submit a bug report, please visit:
#   http://bugreport.sun.com/bugreport/crash.jsp
#

---------------  T H R E A D  ---------------

Current thread (0x0000000005832000):  JavaThread "main" [_thread_in_Java, id=10929, stack(0x000000000404e000,0x000000000414f000)]

siginfo:si_signo=SIGILL: si_errno=0, si_code=1 (ILL_ILLOPC), si_addr=0x000000000751213e

Registers:
RAX=0xffffffffffffffe8, RBX=0x00000000e53bb700, RCX=0x0000000000000063, RDX=0x0000000000000018
RSP=0x000000000414ca18, RBP=0x0000000007d29a52, RSI=0x000000003e94d2ea, RDI=0x000000003e94195a
R8 =0x000000003e94d2a8, R9 =0x00000000e53bb498, R10=0x0000000007d28323, R11=0x000000003e941918
R12=0x0000000000000000, R13=0x000000000414ca58, R14=0x0000000039ca21f0, R15=0x0000000005832000
RIP=0x000000000751213e, EFLAGS=0x0000000000000095, CSGSFS=0x0000000000000000, ERR=0x0000000000000000
  TRAPNO=0x0000000000000000

Top of Stack: (sp=0x000000000414ca18)
0x000000000414ca18:   00000000fffffffc 0000000039ca24c0
0x000000000414ca28:   0000000039ca9ee8 0000000039ca2088
0x000000000414ca38:   0000000000000000 000000000414caa8
0x000000000414ca48:   0000000007496982 0000000007496982
0x000000000414ca58:   00000000e53bb498 00000000e53bb700
0x000000000414ca68:   000000000414ca68 0000000039ca4d96
0x000000000414ca78:   000000000414caf0 0000000039ca69e0
0x000000000414ca88:   0000000039caa268 0000000039ca4e40
0x000000000414ca98:   000000000414ca58 000000000414cad8
0x000000000414caa8:   000000000414cb38 0000000007496158
0x000000000414cab8:   0000000000003644 0000000000003648
0x000000000414cac8:   0000000000003640 00000000e53bb700
0x000000000414cad8:   0000000000003648 000000000000365c
0x000000000414cae8:   0000000000003640 00000000e53e73d0
0x000000000414caf8:   000000000414caf8 0000000039ca4bf1
0x000000000414cb08:   000000000414cb80 0000000039ca69e0
0x000000000414cb18:   0000000000000000 0000000039ca4c68
0x000000000414cb28:   000000000414cad8 000000000414cb70
0x000000000414cb38:   000000000414cbc8 0000000007496158
0x000000000414cb48:   000000000000001c 0000000000000002
0x000000000414cb58:   000000000000001c 00000000e53c5da8
0x000000000414cb68:   00000000000000e1 0000000000003721
0x000000000414cb78:   0000000000003640 00000000e53e73d0
0x000000000414cb88:   000000000414cb88 0000000039ca4ab4
0x000000000414cb98:   000000000414cbd8 0000000039ca69e0
0x000000000414cba8:   0000000000000000 0000000039ca4ac0
0x000000000414cbb8:   000000000414cb70 000000000414cbd8
0x000000000414cbc8:   000000000414cc20 0000000007496158
0x000000000414cbd8:   00000000e53e73d0 000000000414cbe0
0x000000000414cbe8:   000000003977521e 000000000414cc30
0x000000000414cbf8:   000000003977ce10 0000000000000000
0x000000000414cc08:   0000000039775230 000000000414cbd8 

Instructions: (pc=0x000000000751213e)
0x000000000751211e:   00 48 83 c7 02 48 83 c6 02 8b c2 83 e2 f8 74 54
0x000000000751212e:   48 8d 3c 47 48 8d 34 46 48 f7 d8 c5 fa 6f 04 47
0x000000000751213e:   c4 e3 79 61 04 46 19 72 29 48 83 c0 08 48 83 ea
0x000000000751214e:   08 75 e8 85 c0 74 4b ba 08 00 00 00 b8 08 00 00 

Register to memory mapping:

RAX=0xffffffffffffffe8 is an unknown value
RBX=0x00000000e53bb700 is an oop
com.sun.tools.javac.file.ZipFileIndex$Entry 
 - klass: 'com/sun/tools/javac/file/ZipFileIndex$Entry'
RCX=0x0000000000000063 is an unknown value
RDX=0x0000000000000018 is an unknown value
RSP=0x000000000414ca18 is pointing into the stack for thread: 0x0000000005832000
RBP=0x0000000007d29a52 is an unknown value
RSI=0x000000003e94d2ea is an oop
[C 
 - klass: {type array char}
 - length: 29
RDI=0x000000003e94195a is an oop
[C 
 - klass: {type array char}
 - length: 25
R8 =0x000000003e94d2a8 is an oop
[C 
 - klass: {type array char}
 - length: 29
R9 =0x00000000e53bb498 is an oop
com.sun.tools.javac.file.ZipFileIndex$Entry 
 - klass: 'com/sun/tools/javac/file/ZipFileIndex$Entry'
R10=0x0000000007d28323 is an unknown value
R11=0x000000003e941918 is an oop
[C 
 - klass: {type array char}
 - length: 25
R12=0x0000000000000000 is an unknown value
R13=0x000000000414ca58 is pointing into the stack for thread: 0x0000000005832000
R14=0x0000000039ca21f0 is an oop
{instance class} 
 - klass: {other class}
R15=0x0000000005832000 is a thread


Stack: [0x000000000404e000,0x000000000414f000],  sp=0x000000000414ca18,  free space=1018k
Native frames: (J=compiled Java code, j=interpreted, Vv=VM code, C=native code)
J  com.sun.tools.javac.file.ZipFileIndex$Entry.compareTo(Ljava/lang/Object;)I


---------------  P R O C E S S  ---------------

Java Threads: ( => current thread )
  0x0000000016301000 JavaThread "Service Thread" daemon [_thread_blocked, id=10944, stack(0x00000000188b7000,0x00000000189b8000)]
  0x00000000166ef000 JavaThread "C2 CompilerThread1" daemon [_thread_blocked, id=10943, stack(0x00000000187b6000,0x00000000188b7000)]
  0x00000000166ed000 JavaThread "C2 CompilerThread0" daemon [_thread_blocked, id=10942, stack(0x00000000186b5000,0x00000000187b6000)]
  0x00000000162fb800 JavaThread "Signal Dispatcher" daemon [_thread_blocked, id=10941, stack(0x00000000185b4000,0x00000000186b5000)]
  0x0000000015f7b000 JavaThread "Finalizer" daemon [_thread_blocked, id=10940, stack(0x00000000181bb000,0x00000000182bc000)]
  0x0000000005c15000 JavaThread "Reference Handler" daemon [_thread_blocked, id=10939, stack(0x00000000180ba000,0x00000000181bb000)]
=>0x0000000005832000 JavaThread "main" [_thread_in_Java, id=10929, stack(0x000000000404e000,0x000000000414f000)]

Other Threads:
  0x0000000005c06000 VMThread [stack: 0x0000000017fb9000,0x00000000180ba000] [id=10938]
  0x000000001630b000 WatcherThread [stack: 0x00000000189b8000,0x0000000018ab9000] [id=10945]

VM state:not at safepoint (normal execution)

VM Mutex/Monitor currently owned by a thread: None

Heap
 PSYoungGen      total 6656K, used 980K [0x00000000e5300000, 0x00000000e6000000, 0x0000000138850000)
  eden space 6144K, 15% used [0x00000000e5300000,0x00000000e53f5068,0x00000000e5900000)
  from space 512K, 0% used [0x00000000e5900000,0x00000000e5900000,0x00000000e5980000)
  to   space 512K, 0% used [0x00000000e5f80000,0x00000000e5f80000,0x00000000e6000000)
 ParOldGen       total 13120K, used 4690K [0x000000003e850000, 0x000000003f520000, 0x00000000e5300000)
  object space 13120K, 35% used [0x000000003e850000,0x000000003ece4be8,0x000000003f520000)
 PSPermGen       total 21248K, used 6512K [0x0000000039650000, 0x000000003ab10000, 0x000000003e850000)
  object space 21248K, 30% used [0x0000000039650000,0x0000000039cac208,0x000000003ab10000)

Card table byte_map: [0x000000000a550000,0x000000000ad4a000] byte_map_base: 0x000000000a384d80

Polling page: 0x0000000004024000

Code Cache  [0x0000000007490000, 0x0000000007700000, 0x000000000a490000)
 total_blobs=287 nmethods=64 adapters=175 free_code_cache=48593Kb largest_free_block=49725632

Compilation events (10 events):
