Build started 24.11.2013 17:59:46.
     1>Project "C:\Users\Solbakken\Documents\GitHub\P-star\P-star for windows\P-star for windows.vcxproj" on node 2 (Build target(s)).
     1>ClCompile:
         C:\Program Files (x86)\Microsoft Visual Studio 12.0\VC\bin\CL.exe /c /ZI /nologo /W3 /WX- /sdl /Od /Oy- /D WIN32 /D _DEBUG /D _CONSOLE /D _LIB /D "WPL_VARNAME_SIZE 64" /D _UNICODE /D UNICODE /Gm /EHsc /RTC1 /MDd /GS /fp:precise /Zc:wchar_t /Zc:forScope /Yc"stdafx.h" /Fp"Debug\P-star for windows.pch" /Fo"Debug\\" /Fd"Debug\vc120.pdb" /Gd /TP /analyze- /errorReport:prompt ..\src\libmysql\libwpl_mysql.cpp ..\src\libmysql\mysql.cpp ..\src\libmysql\mysql_res_holder.cpp ..\src\libmysql\mysql_row.cpp ..\src\libmysql\mysql_stmt.cpp ..\src\libmysql\sql.cpp ..\src\libmysql\value_sql.cpp ..\src\libwpl\array.cpp ..\src\libwpl\block.cpp ..\src\libwpl\block_if.cpp ..\src\libwpl\block_state.cpp ..\src\libwpl\block_while.cpp ..\src\libwpl\expression.cpp ..\src\libwpl\expression_state.cpp ..\src\libwpl\function.cpp ..\src\libwpl\function_state.cpp ..\src\libwpl\hash.cpp ..\src\libwpl\identifier.cpp ..\src\libwpl\internal_function.cpp ..\src\libwpl\json.cpp ..\src\libwpl\matcher.cpp ..\src\libwpl\module_loader.cpp ..\src\libwpl\namespace.cpp ..\src\libwpl\namespace_session.cpp ..\src\libwpl\object.cpp ..\src\libwpl\operator.cpp ..\src\libwpl\output_json.cpp ..\src\libwpl\parser.cpp ..\src\libwpl\pragma.cpp ..\src\libwpl\pragma_state.cpp ..\src\libwpl\program.cpp ..\src\libwpl\runable.cpp ..\src\libwpl\scene.cpp ..\src\libwpl\shunting_yard.cpp ..\src\libwpl\string.cpp ..\src\libwpl\struct.cpp ..\src\libwpl\template.cpp ..\src\libwpl\text.cpp ..\src\libwpl\text_state.cpp ..\src\libwpl\types.cpp ..\src\libwpl\user_function.cpp ..\src\libwpl\value.cpp ..\src\libwpl\value_array.cpp ..\src\libwpl\value_cookie.cpp ..\src\libwpl\value_env.cpp ..\src\libwpl\value_expression.cpp ..\src\libwpl\value_function_ptr.cpp ..\src\libwpl\value_get.cpp ..\src\libwpl\value_hash.cpp ..\src\libwpl\value_int.cpp ..\src\libwpl\value_list.cpp ..\src\libwpl\value_post.cpp ..\src\libwpl\value_regex.cpp ..\src\libwpl\value_stdin.cpp ..\src\libwpl\value_string.cpp ..\src\libwpl\value_struct.cpp ..\src\libwpl\value_unresolved.cpp ..\src\libwpl\value_vstring.cpp ..\src\libwpl\variable.cpp ..\src\main.cpp stdafx.cpp
         stdafx.cpp
         main.cpp
     1>c:\users\solbakken\documents\github\p-star\src\libwpl\identifier.h(39): error C2065: 'WPL_VARNAME_SIZE' : undeclared identifier
     1>c:\users\solbakken\documents\github\p-star\src\libwpl\identifier.h(39): warning C4200: nonstandard extension used : zero-sized array in struct/union
                 Cannot generate copy-ctor or copy-assignment operator when UDT contains a zero-sized array
     1>c:\users\solbakken\documents\github\p-star\src\libwpl\identifier.h(87): error C2503: 'wpl_identifier' : base classes cannot contain zero-sized arrays
     1>c:\users\solbakken\documents\github\p-star\src\libwpl\identifier.h(91): error C2614: 'wpl_identifier_reserved_name' : illegal member initialization: 'wpl_identifier' is not a base or member
     1>c:\users\solbakken\documents\github\p-star\src\libwpl\variable.h(43): error C2503: 'wpl_identifier' : base classes cannot contain zero-sized arrays
     1>c:\users\solbakken\documents\github\p-star\src\libwpl\variable.h(69): error C3668: 'wpl_variable::isVariable' : method with override specifier 'override' did not override any base class methods
     1>c:\users\solbakken\documents\github\p-star\src\libwpl\scene.h(34): error C2503: 'wpl_identifier' : base classes cannot contain zero-sized arrays
     1>c:\users\solbakken\documents\github\p-star\src\libwpl\scene.h(36): error C2614: 'wpl_scene' : illegal member initialization: 'wpl_identifier' is not a base or member
     1>c:\users\solbakken\documents\github\p-star\src\libwpl\parser.h(50): error C2065: 'WPL_VARNAME_SIZE' : undeclared identifier
     1>c:\users\solbakken\documents\github\p-star\src\libwpl\parser.h(50): warning C4200: nonstandard extension used : zero-sized array in struct/union
                 Cannot generate copy-ctor or copy-assignment operator when UDT contains a zero-sized array
     1>c:\users\solbakken\documents\github\p-star\src\libwpl\parser.h(60): error C2229: class 'wpl_parser' has an illegal zero-sized array
     1>c:\users\solbakken\documents\github\p-star\src\libwpl\module_loader.h(31): fatal error C1083: Cannot open include file: 'module.h': No such file or directory
         variable.cpp
     1>c:\users\solbakken\documents\github\p-star\src\libwpl\identifier.h(39): error C2065: 'WPL_VARNAME_SIZE' : undeclared identifier
     1>c:\users\solbakken\documents\github\p-star\src\libwpl\identifier.h(39): warning C4200: nonstandard extension used : zero-sized array in struct/union
                 Cannot generate copy-ctor or copy-assignment operator when UDT contains a zero-sized array
     1>c:\users\solbakken\documents\github\p-star\src\libwpl\identifier.h(87): error C2503: 'wpl_identifier' : base classes cannot contain zero-sized arrays
     1>c:\users\solbakken\documents\github\p-star\src\libwpl\identifier.h(91): error C2614: 'wpl_identifier_reserved_name' : illegal member initialization: 'wpl_identifier' is not a base or member
     1>c:\users\solbakken\documents\github\p-star\src\libwpl\suicidal.h(41): error C2503: 'wpl_identifier' : base classes cannot contain zero-sized arrays
     1>c:\users\solbakken\documents\github\p-star\src\libwpl\suicidal.h(48): error C2614: 'wpl_suicidal_holder' : illegal member initialization: 'wpl_identifier' is not a base or member
     1>c:\users\solbakken\documents\github\p-star\src\libwpl\value.h(47): warning C4099: 'wpl_operator_struct' : type name first seen using 'class' now seen using 'struct'
                 c:\users\solbakken\documents\github\p-star\src\libwpl\shunting_yard_carrier.h(35) : see declaration of 'wpl_operator_struct'
     1>c:\users\solbakken\documents\github\p-star\src\libwpl\value.h(149): warning C4099: 'wpl_operator_struct' : type name first seen using 'class' now seen using 'struct'
                 c:\users\solbakken\documents\github\p-star\src\libwpl\shunting_yard_carrier.h(35) : see declaration of 'wpl_operator_struct'
     1>c:\users\solbakken\documents\github\p-star\src\libwpl\value.h(163): warning C4099: 'wpl_operator_struct' : type name first seen using 'class' now seen using 'struct'
                 c:\users\solbakken\documents\github\p-star\src\libwpl\shunting_yard_carrier.h(35) : see declaration of 'wpl_operator_struct'
     1>c:\users\solbakken\documents\github\p-star\src\libwpl\variable.h(43): error C2503: 'wpl_identifier' : base classes cannot contain zero-sized arrays
     1>c:\users\solbakken\documents\github\p-star\src\libwpl\variable.h(69): error C3668: 'wpl_variable::isVariable' : method with override specifier 'override' did not override any base class methods
     1>c:\users\solbakken\documents\github\p-star\src\libwpl\variable.cpp(40): error C2614: 'wpl_variable' : illegal member initialization: 'wpl_identifier' is not a base or member
     1>c:\users\solbakken\documents\github\p-star\src\libwpl\variable.cpp(52): error C3861: 'get_name': identifier not found
     1>c:\users\solbakken\documents\github\p-star\src\libwpl\variable.cpp(60): error C3861: 'get_name': identifier not found
     1>c:\users\solbakken\documents\github\p-star\src\libwpl\variable.cpp(68): error C3861: 'get_name': identifier not found
     1>c:\users\solbakken\documents\github\p-star\src\libwpl\variable.cpp(76): error C3861: 'get_name': identifier not found
     1>c:\users\solbakken\documents\github\p-star\src\libwpl\variable.cpp(99): error C2039: 'get_name' : is not a member of 'wpl_variable_holder'
                 c:\users\solbakken\documents\github\p-star\src\libwpl\variable.h(93) : see declaration of 'wpl_variable_holder'
     1>c:\users\solbakken\documents\github\p-star\src\libwpl\variable.cpp(110): error C3861: 'get_name': identifier not found
     1>c:\users\solbakken\documents\github\p-star\src\libwpl\variable.cpp(118): error C3861: 'get_name': identifier not found
         value_vstring.cpp
     1>c:\users\solbakken\documents\github\p-star\src\libwpl\identifier.h(39): error C2065: 'WPL_VARNAME_SIZE' : undeclared identifier
     1>c:\users\solbakken\documents\github\p-star\src\libwpl\identifier.h(39): warning C4200: nonstandard extension used : zero-sized array in struct/union
                 Cannot generate copy-ctor or copy-assignment operator when UDT contains a zero-sized array
     1>c:\users\solbakken\documents\github\p-star\src\libwpl\identifier.h(87): error C2503: 'wpl_identifier' : base classes cannot contain zero-sized arrays
     1>c:\users\solbakken\documents\github\p-star\src\libwpl\identifier.h(91): error C2614: 'wpl_identifier_reserved_name' : illegal member initialization: 'wpl_identifier' is not a base or member
     1>c:\users\solbakken\documents\github\p-star\src\libwpl\suicidal.h(41): error C2503: 'wpl_identifier' : base classes cannot contain zero-sized arrays
     1>c:\users\solbakken\documents\github\p-star\src\libwpl\suicidal.h(48): error C2614: 'wpl_suicidal_holder' : illegal member initialization: 'wpl_identifier' is not a base or member
     1>c:\users\solbakken\documents\github\p-star\src\libwpl\value.h(47): warning C4099: 'wpl_operator_struct' : type name first seen using 'class' now seen using 'struct'
                 c:\users\solbakken\documents\github\p-star\src\libwpl\shunting_yard_carrier.h(35) : see declaration of 'wpl_operator_struct'
     1>c:\users\solbakken\documents\github\p-star\src\libwpl\value.h(149): warning C4099: 'wpl_operator_struct' : type name first seen using 'class' now seen using 'struct'
                 c:\users\solbakken\documents\github\p-star\src\libwpl\shunting_yard_carrier.h(35) : see declaration of 'wpl_operator_struct'
     1>c:\users\solbakken\documents\github\p-star\src\libwpl\value.h(163): warning C4099: 'wpl_operator_struct' : type name first seen using 'class' now seen using 'struct'
                 c:\users\solbakken\documents\github\p-star\src\libwpl\shunting_yard_carrier.h(35) : see declaration of 'wpl_operator_struct'
     1>c:\users\solbakken\documents\github\p-star\src\libwpl\variable.h(43): error C2503: 'wpl_identifier' : base classes cannot contain zero-sized arrays
     1>c:\users\solbakken\documents\github\p-star\src\libwpl\variable.h(69): error C3668: 'wpl_variable::isVariable' : method with override specifier 'override' did not override any base class methods
     1>c:\users\solbakken\documents\github\p-star\src\libwpl\block_state.h(42): error C2065: 'WPL_BLOCK_MAX_CHILDREN' : undeclared identifier
     1>c:\users\solbakken\documents\github\p-star\src\libwpl\exp_deque.h(35): error C2065: 'WPL_EXPRESSION_MAX' : undeclared identifier
                 c:\users\solbakken\documents\github\p-star\src\libwpl\exp_deque.h(109) : see reference to class template instantiation 'wpl_exp_deque<T>' being compiled
     1>c:\users\solbakken\documents\github\p-star\src\libwpl\operator_types.h(34): warning C4099: 'wpl_operator_struct' : type name first seen using 'class' now seen using 'struct'
                 c:\users\solbakken\documents\github\p-star\src\libwpl\shunting_yard_carrier.h(35) : see declaration of 'wpl_operator_struct'
     1>c:\users\solbakken\documents\github\p-star\src\libwpl\operator_types.h(35): warning C4099: 'wpl_operator_struct' : type name first seen using 'class' now seen using 'struct'
                 c:\users\solbakken\documents\github\p-star\src\libwpl\shunting_yard_carrier.h(35) : see declaration of 'wpl_operator_struct'
     1>c:\users\solbakken\documents\github\p-star\src\libwpl\operator_types.h(37): warning C4099: 'wpl_operator_struct' : type name first seen using 'class' now seen using 'struct'
                 c:\users\solbakken\documents\github\p-star\src\libwpl\shunting_yard_carrier.h(35) : see declaration of 'wpl_operator_struct'
     1>c:\users\solbakken\documents\github\p-star\src\libwpl\operator_types.h(38): warning C4099: 'wpl_operator_struct' : type name first seen using 'class' now seen using 'struct'
                 c:\users\solbakken\documents\github\p-star\src\libwpl\shunting_yard_carrier.h(35) : see declaration of 'wpl_operator_struct'
     1>c:\users\solbakken\documents\github\p-star\src\libwpl\operator_types.h(40): warning C4099: 'wpl_operator_struct' : type name first seen using 'class' now seen using 'struct'
                 c:\users\solbakken\documents\github\p-star\src\libwpl\shunting_yard_carrier.h(35) : see declaration of 'wpl_operator_struct'
     1>c:\users\solbakken\documents\github\p-star\src\libwpl\operator_types.h(41): warning C4099: 'wpl_operator_struct' : type name first seen using 'class' now seen using 'struct'
                 c:\users\solbakken\documents\github\p-star\src\libwpl\shunting_yard_carrier.h(35) : see declaration of 'wpl_operator_struct'
     1>c:\users\solbakken\documents\github\p-star\src\libwpl\operator_types.h(42): warning C4099: 'wpl_operator_struct' : type name first seen using 'class' now seen using 'struct'
                 c:\users\solbakken\documents\github\p-star\src\libwpl\shunting_yard_carrier.h(35) : see declaration of 'wpl_operator_struct'
     1>c:\users\solbakken\documents\github\p-star\src\libwpl\operator_types.h(43): warning C4099: 'wpl_operator_struct' : type name first seen using 'class' now seen using 'struct'
                 c:\users\solbakken\documents\github\p-star\src\libwpl\shunting_yard_carrier.h(35) : see declaration of 'wpl_operator_struct'
     1>c:\users\solbakken\documents\github\p-star\src\libwpl\operator_types.h(44): warning C4099: 'wpl_operator_struct' : type name first seen using 'class' now seen using 'struct'
                 c:\users\solbakken\documents\github\p-star\src\libwpl\shunting_yard_carrier.h(35) : see declaration of 'wpl_operator_struct'
     1>c:\users\solbakken\documents\github\p-star\src\libwpl\operator_types.h(46): warning C4099: 'wpl_operator_struct' : type name first seen using 'class' now seen using 'struct'
                 c:\users\solbakken\documents\github\p-star\src\libwpl\shunting_yard_carrier.h(35) : see declaration of 'wpl_operator_struct'
     1>c:\users\solbakken\documents\github\p-star\src\libwpl\operator_types.h(48): warning C4099: 'wpl_operator_struct' : type name first seen using 'class' now seen using 'struct'
                 c:\users\solbakken\documents\github\p-star\src\libwpl\shunting_yard_carrier.h(35) : see declaration of 'wpl_operator_struct'
     1>c:\users\solbakken\documents\github\p-star\src\libwpl\operator_types.h(49): warning C4099: 'wpl_operator_struct' : type name first seen using 'class' now seen using 'struct'
                 c:\users\solbakken\documents\github\p-star\src\libwpl\shunting_yard_carrier.h(35) : see declaration of 'wpl_operator_struct'
     1>c:\users\solbakken\documents\github\p-star\src\libwpl\operator_types.h(50): warning C4099: 'wpl_operator_struct' : type name first seen using 'class' now seen using 'struct'
                 c:\users\solbakken\documents\github\p-star\src\libwpl\shunting_yard_carrier.h(35) : see declaration of 'wpl_operator_struct'
     1>c:\users\solbakken\documents\github\p-star\src\libwpl\operator_types.h(51): warning C4099: 'wpl_operator_struct' : type name first seen using 'class' now seen using 'struct'
                 c:\users\solbakken\documents\github\p-star\src\libwpl\shunting_yard_carrier.h(35) : see declaration of 'wpl_operator_struct'
     1>c:\users\solbakken\documents\github\p-star\src\libwpl\operator_types.h(53): warning C4099: 'wpl_operator_struct' : type name first seen using 'class' now seen using 'struct'
                 c:\users\solbakken\documents\github\p-star\src\libwpl\shunting_yard_carrier.h(35) : see declaration of 'wpl_operator_struct'
     1>c:\users\solbakken\documents\github\p-star\src\libwpl\operator_types.h(55): warning C4099: 'wpl_operator_struct' : type name first seen using 'class' now seen using 'struct'
                 c:\users\solbakken\documents\github\p-star\src\libwpl\shunting_yard_carrier.h(35) : see declaration of 'wpl_operator_struct'
     1>c:\users\solbakken\documents\github\p-star\src\libwpl\operator_types.h(56): warning C4099: 'wpl_operator_struct' : type name first seen using 'class' now seen using 'struct'
                 c:\users\solbakken\documents\github\p-star\src\libwpl\shunting_yard_carrier.h(35) : see declaration of 'wpl_operator_struct'
     1>c:\users\solbakken\documents\github\p-star\src\libwpl\operator_types.h(57): warning C4099: 'wpl_operator_struct' : type name first seen using 'class' now seen using 'struct'
                 c:\users\solbakken\documents\github\p-star\src\libwpl\shunting_yard_carrier.h(35) : see declaration of 'wpl_operator_struct'
     1>c:\users\solbakken\documents\github\p-star\src\libwpl\operator_types.h(58): warning C4099: 'wpl_operator_struct' : type name first seen using 'class' now seen using 'struct'
                 c:\users\solbakken\documents\github\p-star\src\libwpl\shunting_yard_carrier.h(35) : see declaration of 'wpl_operator_struct'
     1>c:\users\solbakken\documents\github\p-star\src\libwpl\operator_types.h(59): warning C4099: 'wpl_operator_struct' : type name first seen using 'class' now seen using 'struct'
                 c:\users\solbakken\documents\github\p-star\src\libwpl\shunting_yard_carrier.h(35) : see declaration of 'wpl_operator_struct'
     1>c:\users\solbakken\documents\github\p-star\src\libwpl\operator_types.h(60): warning C4099: 'wpl_operator_struct' : type name first seen using 'class' now seen using 'struct'
                 c:\users\solbakken\documents\github\p-star\src\libwpl\shunting_yard_carrier.h(35) : see declaration of 'wpl_operator_struct'
     1>c:\users\solbakken\documents\github\p-star\src\libwpl\operator_types.h(62): warning C4099: 'wpl_operator_struct' : type name first seen using 'class' now seen using 'struct'
                 c:\users\solbakken\documents\github\p-star\src\libwpl\shunting_yard_carrier.h(35) : see declaration of 'wpl_operator_struct'
     1>c:\users\solbakken\documents\github\p-star\src\libwpl\operator_types.h(63): warning C4099: 'wpl_operator_struct' : type name first seen using 'class' now seen using 'struct'
                 c:\users\solbakken\documents\github\p-star\src\libwpl\shunting_yard_carrier.h(35) : see declaration of 'wpl_operator_struct'
     1>c:\users\solbakken\documents\github\p-star\src\libwpl\operator_types.h(64): warning C4099: 'wpl_operator_struct' : type name first seen using 'class' now seen using 'struct'
                 c:\users\solbakken\documents\github\p-star\src\libwpl\shunting_yard_carrier.h(35) : see declaration of 'wpl_operator_struct'
     1>c:\users\solbakken\documents\github\p-star\src\libwpl\operator_types.h(65): warning C4099: 'wpl_operator_struct' : type name first seen using 'class' now seen using 'struct'
                 c:\users\solbakken\documents\github\p-star\src\libwpl\shunting_yard_carrier.h(35) : see declaration of 'wpl_operator_struct'
     1>c:\users\solbakken\documents\github\p-star\src\libwpl\operator_types.h(66): warning C4099: 'wpl_operator_struct' : type name first seen using 'class' now seen using 'struct'
                 c:\users\solbakken\documents\github\p-star\src\libwpl\shunting_yard_carrier.h(35) : see declaration of 'wpl_operator_struct'
     1>c:\users\solbakken\documents\github\p-star\src\libwpl\operator_types.h(67): warning C4099: 'wpl_operator_struct' : type name first seen using 'class' now seen using 'struct'
                 c:\users\solbakken\documents\github\p-star\src\libwpl\shunting_yard_carrier.h(35) : see declaration of 'wpl_operator_struct'
     1>c:\users\solbakken\documents\github\p-star\src\libwpl\operator_types.h(69): warning C4099: 'wpl_operator_struct' : type name first seen using 'class' now seen using 'struct'
                 c:\users\solbakken\documents\github\p-star\src\libwpl\shunting_yard_carrier.h(35) : see declaration of 'wpl_operator_struct'
     1>c:\users\solbakken\documents\github\p-star\src\libwpl\operator_types.h(70): warning C4099: 'wpl_operator_struct' : type name first seen using 'class' now seen using 'struct'
                 c:\users\solbakken\documents\github\p-star\src\libwpl\shunting_yard_carrier.h(35) : see declaration of 'wpl_operator_struct'
     1>c:\users\solbakken\documents\github\p-star\src\libwpl\operator_types.h(72): warning C4099: 'wpl_operator_struct' : type name first seen using 'class' now seen using 'struct'
                 c:\users\solbakken\documents\github\p-star\src\libwpl\shunting_yard_carrier.h(35) : see declaration of 'wpl_operator_struct'
     1>c:\users\solbakken\documents\github\p-star\src\libwpl\operator_types.h(73): warning C4099: 'wpl_operator_struct' : type name first seen using 'class' now seen using 'struct'
                 c:\users\solbakken\documents\github\p-star\src\libwpl\shunting_yard_carrier.h(35) : see declaration of 'wpl_operator_struct'
     1>c:\users\solbakken\documents\github\p-star\src\libwpl\operator_types.h(75): warning C4099: 'wpl_operator_struct' : type name first seen using 'class' now seen using 'struct'
                 c:\users\solbakken\documents\github\p-star\src\libwpl\shunting_yard_carrier.h(35) : see declaration of 'wpl_operator_struct'
     1>c:\users\solbakken\documents\github\p-star\src\libwpl\operator_types.h(76): warning C4099: 'wpl_operator_struct' : type name first seen using 'class' now seen using 'struct'
                 c:\users\solbakken\documents\github\p-star\src\libwpl\shunting_yard_carrier.h(35) : see declaration of 'wpl_operator_struct'
     1>c:\users\solbakken\documents\github\p-star\src\libwpl\operator_types.h(77): warning C4099: 'wpl_operator_struct' : type name first seen using 'class' now seen using 'struct'
                 c:\users\solbakken\documents\github\p-star\src\libwpl\shunting_yard_carrier.h(35) : see declaration of 'wpl_operator_struct'
     1>c:\users\solbakken\documents\github\p-star\src\libwpl\operator_types.h(78): warning C4099: 'wpl_operator_struct' : type name first seen using 'class' now seen using 'struct'
                 c:\users\solbakken\documents\github\p-star\src\libwpl\shunting_yard_carrier.h(35) : see declaration of 'wpl_operator_struct'
     1>c:\users\solbakken\documents\github\p-star\src\libwpl\operator_types.h(80): warning C4099: 'wpl_operator_struct' : type name first seen using 'class' now seen using 'struct'
                 c:\users\solbakken\documents\github\p-star\src\libwpl\shunting_yard_carrier.h(35) : see declaration of 'wpl_operator_struct'
     1>c:\users\solbakken\documents\github\p-star\src\libwpl\operator_types.h(82): warning C4099: 'wpl_operator_struct' : type name first seen using 'class' now seen using 'struct'
                 c:\users\solbakken\documents\github\p-star\src\libwpl\shunting_yard_carrier.h(35) : see declaration of 'wpl_operator_struct'
     1>c:\users\solbakken\documents\github\p-star\src\libwpl\operator_types.h(83): warning C4099: 'wpl_operator_struct' : type name first seen using 'class' now seen using 'struct'
                 c:\users\solbakken\documents\github\p-star\src\libwpl\shunting_yard_carrier.h(35) : see declaration of 'wpl_operator_struct'
     1>c:\users\solbakken\documents\github\p-star\src\libwpl\operator_types.h(85): warning C4099: 'wpl_operator_struct' : type name first seen using 'class' now seen using 'struct'
                 c:\users\solbakken\documents\github\p-star\src\libwpl\shunting_yard_carrier.h(35) : see declaration of 'wpl_operator_struct'
     1>c:\users\solbakken\documents\github\p-star\src\libwpl\operator_types.h(86): warning C4099: 'wpl_operator_struct' : type name first seen using 'class' now seen using 'struct'
                 c:\users\solbakken\documents\github\p-star\src\libwpl\shunting_yard_carrier.h(35) : see declaration of 'wpl_operator_struct'
     1>c:\users\solbakken\documents\github\p-star\src\libwpl\operator_types.h(87): warning C4099: 'wpl_operator_struct' : type name first seen using 'class' now seen using 'struct'
                 c:\users\solbakken\documents\github\p-star\src\libwpl\shunting_yard_carrier.h(35) : see declaration of 'wpl_operator_struct'
     1>c:\users\solbakken\documents\github\p-star\src\libwpl\operator_types.h(89): warning C4099: 'wpl_operator_struct' : type name first seen using 'class' now seen using 'struct'
                 c:\users\solbakken\documents\github\p-star\src\libwpl\shunting_yard_carrier.h(35) : see declaration of 'wpl_operator_struct'
     1>c:\users\solbakken\documents\github\p-star\src\libwpl\operator_types.h(90): warning C4099: 'wpl_operator_struct' : type name first seen using 'class' now seen using 'struct'
                 c:\users\solbakken\documents\github\p-star\src\libwpl\shunting_yard_carrier.h(35) : see declaration of 'wpl_operator_struct'
     1>c:\users\solbakken\documents\github\p-star\src\libwpl\operator_types.h(91): warning C4099: 'wpl_operator_struct' : type name first seen using 'class' now seen using 'struct'
                 c:\users\solbakken\documents\github\p-star\src\libwpl\shunting_yard_carrier.h(35) : see declaration of 'wpl_operator_struct'
     1>c:\users\solbakken\documents\github\p-star\src\libwpl\operator_types.h(93): warning C4099: 'wpl_operator_struct' : type name first seen using 'class' now seen using 'struct'
                 c:\users\solbakken\documents\github\p-star\src\libwpl\shunting_yard_carrier.h(35) : see declaration of 'wpl_operator_struct'
     1>c:\users\solbakken\documents\github\p-star\src\libwpl\operator_types.h(94): warning C4099: 'wpl_operator_struct' : type name first seen using 'class' now seen using 'struct'
                 c:\users\solbakken\documents\github\p-star\src\libwpl\shunting_yard_carrier.h(35) : see declaration of 'wpl_operator_struct'
     1>c:\users\solbakken\documents\github\p-star\src\libwpl\operator_types.h(96): warning C4099: 'wpl_operator_struct' : type name first seen using 'class' now seen using 'struct'
                 c:\users\solbakken\documents\github\p-star\src\libwpl\shunting_yard_carrier.h(35) : see declaration of 'wpl_operator_struct'
     1>c:\users\solbakken\documents\github\p-star\src\libwpl\operator_types.h(97): warning C4099: 'wpl_operator_struct' : type name first seen using 'class' now seen using 'struct'
                 c:\users\solbakken\documents\github\p-star\src\libwpl\shunting_yard_carrier.h(35) : see declaration of 'wpl_operator_struct'
     1>c:\users\solbakken\documents\github\p-star\src\libwpl\operator_types.h(99): warning C4099: 'wpl_operator_struct' : type name first seen using 'class' now seen using 'struct'
                 c:\users\solbakken\documents\github\p-star\src\libwpl\shunting_yard_carrier.h(35) : see declaration of 'wpl_operator_struct'
     1>c:\users\solbakken\documents\github\p-star\src\libwpl\operator_types.h(100): warning C4099: 'wpl_operator_struct' : type name first seen using 'class' now seen using 'struct'
                 c:\users\solbakken\documents\github\p-star\src\libwpl\shunting_yard_carrier.h(35) : see declaration of 'wpl_operator_struct'
     1>c:\users\solbakken\documents\github\p-star\src\libwpl\operator_types.h(102): warning C4099: 'wpl_operator_struct' : type name first seen using 'class' now seen using 'struct'
                 c:\users\solbakken\documents\github\p-star\src\libwpl\shunting_yard_carrier.h(35) : see declaration of 'wpl_operator_struct'
     1>c:\users\solbakken\documents\github\p-star\src\libwpl\operator_types.h(104): warning C4099: 'wpl_operator_struct' : type name first seen using 'class' now seen using 'struct'
                 c:\users\solbakken\documents\github\p-star\src\libwpl\shunting_yard_carrier.h(35) : see declaration of 'wpl_operator_struct'
     1>c:\users\solbakken\documents\github\p-star\src\libwpl\operator_types.h(105): warning C4099: 'wpl_operator_struct' : type name first seen using 'class' now seen using 'struct'
                 c:\users\solbakken\documents\github\p-star\src\libwpl\shunting_yard_carrier.h(35) : see declaration of 'wpl_operator_struct'
     1>c:\users\solbakken\documents\github\p-star\src\libwpl\operator_types.h(106): warning C4099: 'wpl_operator_struct' : type name first seen using 'class' now seen using 'struct'
                 c:\users\solbakken\documents\github\p-star\src\libwpl\shunting_yard_carrier.h(35) : see declaration of 'wpl_operator_struct'
     1>c:\users\solbakken\documents\github\p-star\src\libwpl\operator_types.h(108): warning C4099: 'wpl_operator_struct' : type name first seen using 'class' now seen using 'struct'
                 c:\users\solbakken\documents\github\p-star\src\libwpl\shunting_yard_carrier.h(35) : see declaration of 'wpl_operator_struct'
     1>c:\users\solbakken\documents\github\p-star\src\libwpl\operator_types.h(109): warning C4099: 'wpl_operator_struct' : type name first seen using 'class' now seen using 'struct'
                 c:\users\solbakken\documents\github\p-star\src\libwpl\shunting_yard_carrier.h(35) : see declaration of 'wpl_operator_struct'
     1>c:\users\solbakken\documents\github\p-star\src\libwpl\operator.h(36): warning C4099: 'wpl_operator_struct' : type name first seen using 'class' now seen using 'struct'
                 c:\users\solbakken\documents\github\p-star\src\libwpl\shunting_yard_carrier.h(35) : see declaration of 'wpl_operator_struct'
         value_unresolved.cpp
     1>c:\users\solbakken\documents\github\p-star\src\libwpl\identifier.h(39): error C2065: 'WPL_VARNAME_SIZE' : undeclared identifier
     1>c:\users\solbakken\documents\github\p-star\src\libwpl\identifier.h(39): warning C4200: nonstandard extension used : zero-sized array in struct/union
                 Cannot generate copy-ctor or copy-assignment operator when UDT contains a zero-sized array
     1>c:\users\solbakken\documents\github\p-star\src\libwpl\identifier.h(87): error C2503: 'wpl_identifier' : base classes cannot contain zero-sized arrays
     1>c:\users\solbakken\documents\github\p-star\src\libwpl\identifier.h(91): error C2614: 'wpl_identifier_reserved_name' : illegal member initialization: 'wpl_identifier' is not a base or member
     1>c:\users\solbakken\documents\github\p-star\src\libwpl\variable.h(43): error C2503: 'wpl_identifier' : base classes cannot contain zero-sized arrays
     1>c:\users\solbakken\documents\github\p-star\src\libwpl\variable.h(69): error C3668: 'wpl_variable::isVariable' : method with override specifier 'override' did not override any base class methods
     1>c:\users\solbakken\documents\github\p-star\src\libwpl\block_state.h(42): error C2065: 'WPL_BLOCK_MAX_CHILDREN' : undeclared identifier
     1>c:\users\solbakken\documents\github\p-star\src\libwpl\exp_deque.h(35): error C2065: 'WPL_EXPRESSION_MAX' : undeclared identifier
                 c:\users\solbakken\documents\github\p-star\src\libwpl\exp_deque.h(109) : see reference to class template instantiation 'wpl_exp_deque<T>' being compiled
     1>c:\users\solbakken\documents\github\p-star\src\libwpl\suicidal.h(41): error C2503: 'wpl_identifier' : base classes cannot contain zero-sized arrays
     1>c:\users\solbakken\documents\github\p-star\src\libwpl\suicidal.h(48): error C2614: 'wpl_suicidal_holder' : illegal member initialization: 'wpl_identifier' is not a base or member
     1>c:\users\solbakken\documents\github\p-star\src\libwpl\value.h(47): warning C4099: 'wpl_operator_struct' : type name first seen using 'class' now seen using 'struct'
                 c:\users\solbakken\documents\github\p-star\src\libwpl\shunting_yard_carrier.h(35) : see declaration of 'wpl_operator_struct'
     1>c:\users\solbakken\documents\github\p-star\src\libwpl\value.h(149): warning C4099: 'wpl_operator_struct' : type name first seen using 'class' now seen using 'struct'
                 c:\users\solbakken\documents\github\p-star\src\libwpl\shunting_yard_carrier.h(35) : see declaration of 'wpl_operator_struct'
     1>c:\users\solbakken\documents\github\p-star\src\libwpl\value.h(163): warning C4099: 'wpl_operator_struct' : type name first seen using 'class' now seen using 'struct'
                 c:\users\solbakken\documents\github\p-star\src\libwpl\shunting_yard_carrier.h(35) : see declaration of 'wpl_operator_struct'
     1>c:\users\solbakken\documents\github\p-star\src\libwpl\operator_types.h(34): warning C4099: 'wpl_operator_struct' : type name first seen using 'class' now seen using 'struct'
                 c:\users\solbakken\documents\github\p-star\src\libwpl\shunting_yard_carrier.h(35) : see declaration of 'wpl_operator_struct'
     1>c:\users\solbakken\documents\github\p-star\src\libwpl\operator_types.h(35): warning C4099: 'wpl_operator_struct' : type name first seen using 'class' now seen using 'struct'
                 c:\users\solbakken\documents\github\p-star\src\libwpl\shunting_yard_carrier.h(35) : see declaration of 'wpl_operator_struct'
     1>c:\users\solbakken\documents\github\p-star\src\libwpl\operator_types.h(37): warning C4099: 'wpl_operator_struct' : type name first seen using 'class' now seen using 'struct'
                 c:\users\solbakken\documents\github\p-star\src\libwpl\shunting_yard_carrier.h(35) : see declaration of 'wpl_operator_struct'
     1>c:\users\solbakken\documents\github\p-star\src\libwpl\operator_types.h(38): warning C4099: 'wpl_operator_struct' : type name first seen using 'class' now seen using 'struct'
                 c:\users\solbakken\documents\github\p-star\src\libwpl\shunting_yard_carrier.h(35) : see declaration of 'wpl_operator_struct'
     1>c:\users\solbakken\documents\github\p-star\src\libwpl\operator_types.h(40): warning C4099: 'wpl_operator_struct' : type name first seen using 'class' now seen using 'struct'
                 c:\users\solbakken\documents\github\p-star\src\libwpl\shunting_yard_carrier.h(35) : see declaration of 'wpl_operator_struct'
     1>c:\users\solbakken\documents\github\p-star\src\libwpl\operator_types.h(41): warning C4099: 'wpl_operator_struct' : type name first seen using 'class' now seen using 'struct'
                 c:\users\solbakken\documents\github\p-star\src\libwpl\shunting_yard_carrier.h(35) : see declaration of 'wpl_operator_struct'
     1>c:\users\solbakken\documents\github\p-star\src\libwpl\operator_types.h(42): warning C4099: 'wpl_operator_struct' : type name first seen using 'class' now seen using 'struct'
                 c:\users\solbakken\documents\github\p-star\src\libwpl\shunting_yard_carrier.h(35) : see declaration of 'wpl_operator_struct'
     1>c:\users\solbakken\documents\github\p-star\src\libwpl\operator_types.h(43): warning C4099: 'wpl_operator_struct' : type name first seen using 'class' now seen using 'struct'
                 c:\users\solbakken\documents\github\p-star\src\libwpl\shunting_yard_carrier.h(35) : see declaration of 'wpl_operator_struct'
     1>c:\users\solbakken\documents\github\p-star\src\libwpl\operator_types.h(44): warning C4099: 'wpl_operator_struct' : type name first seen using 'class' now seen using 'struct'
                 c:\users\solbakken\documents\github\p-star\src\libwpl\shunting_yard_carrier.h(35) : see declaration of 'wpl_operator_struct'
     1>c:\users\solbakken\documents\github\p-star\src\libwpl\operator_types.h(46): warning C4099: 'wpl_operator_struct' : type name first seen using 'class' now seen using 'struct'
                 c:\users\solbakken\documents\github\p-star\src\libwpl\shunting_yard_carrier.h(35) : see declaration of 'wpl_operator_struct'
     1>c:\users\solbakken\documents\github\p-star\src\libwpl\operator_types.h(48): warning C4099: 'wpl_operator_struct' : type name first seen using 'class' now seen using 'struct'
                 c:\users\solbakken\documents\github\p-star\src\libwpl\shunting_yard_carrier.h(35) : see declaration of 'wpl_operator_struct'
     1>c:\users\solbakken\documents\github\p-star\src\libwpl\operator_types.h(49): warning C4099: 'wpl_operator_struct' : type name first seen using 'class' now seen using 'struct'
                 c:\users\solbakken\documents\github\p-star\src\libwpl\shunting_yard_carrier.h(35) : see declaration of 'wpl_operator_struct'
     1>c:\users\solbakken\documents\github\p-star\src\libwpl\operator_types.h(50): warning C4099: 'wpl_operator_struct' : type name first seen using 'class' now seen using 'struct'
                 c:\users\solbakken\documents\github\p-star\src\libwpl\shunting_yard_carrier.h(35) : see declaration of 'wpl_operator_struct'
     1>c:\users\solbakken\documents\github\p-star\src\libwpl\operator_types.h(51): warning C4099: 'wpl_operator_struct' : type name first seen using 'class' now seen using 'struct'
                 c:\users\solbakken\documents\github\p-star\src\libwpl\shunting_yard_carrier.h(35) : see declaration of 'wpl_operator_struct'
     1>c:\users\solbakken\documents\github\p-star\src\libwpl\operator_types.h(53): warning C4099: 'wpl_operator_struct' : type name first seen using 'class' now seen using 'struct'
                 c:\users\solbakken\documents\github\p-star\src\libwpl\shunting_yard_carrier.h(35) : see declaration of 'wpl_operator_struct'
     1>c:\users\solbakken\documents\github\p-star\src\libwpl\operator_types.h(55): warning C4099: 'wpl_operator_struct' : type name first seen using 'class' now seen using 'struct'
                 c:\users\solbakken\documents\github\p-star\src\libwpl\shunting_yard_carrier.h(35) : see declaration of 'wpl_operator_struct'
     1>c:\users\solbakken\documents\github\p-star\src\libwpl\operator_types.h(56): warning C4099: 'wpl_operator_struct' : type name first seen using 'class' now seen using 'struct'
                 c:\users\solbakken\documents\github\p-star\src\libwpl\shunting_yard_carrier.h(35) : see declaration of 'wpl_operator_struct'
     1>c:\users\solbakken\documents\github\p-star\src\libwpl\operator_types.h(57): warning C4099: 'wpl_operator_struct' : type name first seen using 'class' now seen using 'struct'
                 c:\users\solbakken\documents\github\p-star\src\libwpl\shunting_yard_carrier.h(35) : see declaration of 'wpl_operator_struct'
     1>c:\users\solbakken\documents\github\p-star\src\libwpl\operator_types.h(58): warning C4099: 'wpl_operator_struct' : type name first seen using 'class' now seen using 'struct'
                 c:\users\solbakken\documents\github\p-star\src\libwpl\shunting_yard_carrier.h(35) : see declaration of 'wpl_operator_struct'
     1>c:\users\solbakken\documents\github\p-star\src\libwpl\operator_types.h(59): warning C4099: 'wpl_operator_struct' : type name first seen using 'class' now seen using 'struct'
                 c:\users\solbakken\documents\github\p-star\src\libwpl\shunting_yard_carrier.h(35) : see declaration of 'wpl_operator_struct'
     1>c:\users\solbakken\documents\github\p-star\src\libwpl\operator_types.h(60): warning C4099: 'wpl_operator_struct' : type name first seen using 'class' now seen using 'struct'
                 c:\users\solbakken\documents\github\p-star\src\libwpl\shunting_yard_carrier.h(35) : see declaration of 'wpl_operator_struct'
     1>c:\users\solbakken\documents\github\p-star\src\libwpl\operator_types.h(62): warning C4099: 'wpl_operator_struct' : type name first seen using 'class' now seen using 'struct'
                 c:\users\solbakken\documents\github\p-star\src\libwpl\shunting_yard_carrier.h(35) : see declaration of 'wpl_operator_struct'
     1>c:\users\solbakken\documents\github\p-star\src\libwpl\operator_types.h(63): warning C4099: 'wpl_operator_struct' : type name first seen using 'class' now seen using 'struct'
                 c:\users\solbakken\documents\github\p-star\src\libwpl\shunting_yard_carrier.h(35) : see declaration of 'wpl_operator_struct'
     1>c:\users\solbakken\documents\github\p-star\src\libwpl\operator_types.h(64): warning C4099: 'wpl_operator_struct' : type name first seen using 'class' now seen using 'struct'
                 c:\users\solbakken\documents\github\p-star\src\libwpl\shunting_yard_carrier.h(35) : see declaration of 'wpl_operator_struct'
     1>c:\users\solbakken\documents\github\p-star\src\libwpl\operator_types.h(65): warning C4099: 'wpl_operator_struct' : type name first seen using 'class' now seen using 'struct'
                 c:\users\solbakken\documents\github\p-star\src\libwpl\shunting_yard_carrier.h(35) : see declaration of 'wpl_operator_struct'
     1>c:\users\solbakken\documents\github\p-star\src\libwpl\operator_types.h(66): warning C4099: 'wpl_operator_struct' : type name first seen using 'class' now seen using 'struct'
                 c:\users\solbakken\documents\github\p-star\src\libwpl\shunting_yard_carrier.h(35) : see declaration of 'wpl_operator_struct'
     1>c:\users\solbakken\documents\github\p-star\src\libwpl\operator_types.h(67): warning C4099: 'wpl_operator_struct' : type name first seen using 'class' now seen using 'struct'
                 c:\users\solbakken\documents\github\p-star\src\libwpl\shunting_yard_carrier.h(35) : see declaration of 'wpl_operator_struct'
     1>c:\users\solbakken\documents\github\p-star\src\libwpl\operator_types.h(69): warning C4099: 'wpl_operator_struct' : type name first seen using 'class' now seen using 'struct'
                 c:\users\solbakken\documents\github\p-star\src\libwpl\shunting_yard_carrier.h(35) : see declaration of 'wpl_operator_struct'
     1>c:\users\solbakken\documents\github\p-star\src\libwpl\operator_types.h(70): warning C4099: 'wpl_operator_struct' : type name first seen using 'class' now seen using 'struct'
                 c:\users\solbakken\documents\github\p-star\src\libwpl\shunting_yard_carrier.h(35) : see declaration of 'wpl_operator_struct'
     1>c:\users\solbakken\documents\github\p-star\src\libwpl\operator_types.h(72): warning C4099: 'wpl_operator_struct' : type name first seen using 'class' now seen using 'struct'
                 c:\users\solbakken\documents\github\p-star\src\libwpl\shunting_yard_carrier.h(35) : see declaration of 'wpl_operator_struct'
     1>c:\users\solbakken\documents\github\p-star\src\libwpl\operator_types.h(73): warning C4099: 'wpl_operator_struct' : type name first seen using 'class' now seen using 'struct'
                 c:\users\solbakken\documents\github\p-star\src\libwpl\shunting_yard_carrier.h(35) : see declaration of 'wpl_operator_struct'
     1>c:\users\solbakken\documents\github\p-star\src\libwpl\operator_types.h(75): warning C4099: 'wpl_operator_struct' : type name first seen using 'class' now seen using 'struct'
                 c:\users\solbakken\documents\github\p-star\src\libwpl\shunting_yard_carrier.h(35) : see declaration of 'wpl_operator_struct'
     1>c:\users\solbakken\documents\github\p-star\src\libwpl\operator_types.h(76): warning C4099: 'wpl_operator_struct' : type name first seen using 'class' now seen using 'struct'
                 c:\users\solbakken\documents\github\p-star\src\libwpl\shunting_yard_carrier.h(35) : see declaration of 'wpl_operator_struct'
     1>c:\users\solbakken\documents\github\p-star\src\libwpl\operator_types.h(77): warning C4099: 'wpl_operator_struct' : type name first seen using 'class' now seen using 'struct'
                 c:\users\solbakken\documents\github\p-star\src\libwpl\shunting_yard_carrier.h(35) : see declaration of 'wpl_operator_struct'
     1>c:\users\solbakken\documents\github\p-star\src\libwpl\operator_types.h(78): warning C4099: 'wpl_operator_struct' : type name first seen using 'class' now seen using 'struct'
                 c:\users\solbakken\documents\github\p-star\src\libwpl\shunting_yard_carrier.h(35) : see declaration of 'wpl_operator_struct'
     1>c:\users\solbakken\documents\github\p-star\src\libwpl\operator_types.h(80): warning C4099: 'wpl_operator_struct' : type name first seen using 'class' now seen using 'struct'
                 c:\users\solbakken\documents\github\p-star\src\libwpl\shunting_yard_carrier.h(35) : see declaration of 'wpl_operator_struct'
     1>c:\users\solbakken\documents\github\p-star\src\libwpl\operator_types.h(82): warning C4099: 'wpl_operator_struct' : type name first seen using 'class' now seen using 'struct'
                 c:\users\solbakken\documents\github\p-star\src\libwpl\shunting_yard_carrier.h(35) : see declaration of 'wpl_operator_struct'
     1>c:\users\solbakken\documents\github\p-star\src\libwpl\operator_types.h(83): warning C4099: 'wpl_operator_struct' : type name first seen using 'class' now seen using 'struct'
                 c:\users\solbakken\documents\github\p-star\src\libwpl\shunting_yard_carrier.h(35) : see declaration of 'wpl_operator_struct'
     1>c:\users\solbakken\documents\github\p-star\src\libwpl\operator_types.h(85): warning C4099: 'wpl_operator_struct' : type name first seen using 'class' now seen using 'struct'
                 c:\users\solbakken\documents\github\p-star\src\libwpl\shunting_yard_carrier.h(35) : see declaration of 'wpl_operator_struct'
     1>c:\users\solbakken\documents\github\p-star\src\libwpl\operator_types.h(86): warning C4099: 'wpl_operator_struct' : type name first seen using 'class' now seen using 'struct'
                 c:\users\solbakken\documents\github\p-star\src\libwpl\shunting_yard_carrier.h(35) : see declaration of 'wpl_operator_struct'
     1>c:\users\solbakken\documents\github\p-star\src\libwpl\operator_types.h(87): warning C4099: 'wpl_operator_struct' : type name first seen using 'class' now seen using 'struct'
                 c:\users\solbakken\documents\github\p-star\src\libwpl\shunting_yard_carrier.h(35) : see declaration of 'wpl_operator_struct'
     1>c:\users\solbakken\documents\github\p-star\src\libwpl\operator_types.h(89): warning C4099: 'wpl_operator_struct' : type name first seen using 'class' now seen using 'struct'
                 c:\users\solbakken\documents\github\p-star\src\libwpl\shunting_yard_carrier.h(35) : see declaration of 'wpl_operator_struct'
     1>c:\users\solbakken\documents\github\p-star\src\libwpl\operator_types.h(90): warning C4099: 'wpl_operator_struct' : type name first seen using 'class' now seen using 'struct'
                 c:\users\solbakken\documents\github\p-star\src\libwpl\shunting_yard_carrier.h(35) : see declaration of 'wpl_operator_struct'
     1>c:\users\solbakken\documents\github\p-star\src\libwpl\operator_types.h(91): warning C4099: 'wpl_operator_struct' : type name first seen using 'class' now seen using 'struct'
                 c:\users\solbakken\documents\github\p-star\src\libwpl\shunting_yard_carrier.h(35) : see declaration of 'wpl_operator_struct'
     1>c:\users\solbakken\documents\github\p-star\src\libwpl\operator_types.h(93): warning C4099: 'wpl_operator_struct' : type name first seen using 'class' now seen using 'struct'
                 c:\users\solbakken\documents\github\p-star\src\libwpl\shunting_yard_carrier.h(35) : see declaration of 'wpl_operator_struct'
     1>c:\users\solbakken\documents\github\p-star\src\libwpl\operator_types.h(94): warning C4099: 'wpl_operator_struct' : type name first seen using 'class' now seen using 'struct'
                 c:\users\solbakken\documents\github\p-star\src\libwpl\shunting_yard_carrier.h(35) : see declaration of 'wpl_operator_struct'
     1>c:\users\solbakken\documents\github\p-star\src\libwpl\operator_types.h(96): warning C4099: 'wpl_operator_struct' : type name first seen using 'class' now seen using 'struct'
                 c:\users\solbakken\documents\github\p-star\src\libwpl\shunting_yard_carrier.h(35) : see declaration of 'wpl_operator_struct'
     1>c:\users\solbakken\documents\github\p-star\src\libwpl\operator_types.h(97): warning C4099: 'wpl_operator_struct' : type name first seen using 'class' now seen using 'struct'
                 c:\users\solbakken\documents\github\p-star\src\libwpl\shunting_yard_carrier.h(35) : see declaration of 'wpl_operator_struct'
     1>c:\users\solbakken\documents\github\p-star\src\libwpl\operator_types.h(99): warning C4099: 'wpl_operator_struct' : type name first seen using 'class' now seen using 'struct'
                 c:\users\solbakken\documents\github\p-star\src\libwpl\shunting_yard_carrier.h(35) : see declaration of 'wpl_operator_struct'
     1>c:\users\solbakken\documents\github\p-star\src\libwpl\operator_types.h(100): warning C4099: 'wpl_operator_struct' : type name first seen using 'class' now seen using 'struct'
                 c:\users\solbakken\documents\github\p-star\src\libwpl\shunting_yard_carrier.h(35) : see declaration of 'wpl_operator_struct'
     1>c:\users\solbakken\documents\github\p-star\src\libwpl\operator_types.h(102): warning C4099: 'wpl_operator_struct' : type name first seen using 'class' now seen using 'struct'
                 c:\users\solbakken\documents\github\p-star\src\libwpl\shunting_yard_carrier.h(35) : see declaration of 'wpl_operator_struct'
     1>c:\users\solbakken\documents\github\p-star\src\libwpl\operator_types.h(104): warning C4099: 'wpl_operator_struct' : type name first seen using 'class' now seen using 'struct'
                 c:\users\solbakken\documents\github\p-star\src\libwpl\shunting_yard_carrier.h(35) : see declaration of 'wpl_operator_struct'
     1>c:\users\solbakken\documents\github\p-star\src\libwpl\operator_types.h(105): warning C4099: 'wpl_operator_struct' : type name first seen using 'class' now seen using 'struct'
                 c:\users\solbakken\documents\github\p-star\src\libwpl\shunting_yard_carrier.h(35) : see declaration of 'wpl_operator_struct'
     1>c:\users\solbakken\documents\github\p-star\src\libwpl\operator_types.h(106): warning C4099: 'wpl_operator_struct' : type name first seen using 'class' now seen using 'struct'
                 c:\users\solbakken\documents\github\p-star\src\libwpl\shunting_yard_carrier.h(35) : see declaration of 'wpl_operator_struct'
     1>c:\users\solbakken\documents\github\p-star\src\libwpl\operator_types.h(108): warning C4099: 'wpl_operator_struct' : type name first seen using 'class' now seen using 'struct'
                 c:\users\solbakken\documents\github\p-star\src\libwpl\shunting_yard_carrier.h(35) : see declaration of 'wpl_operator_struct'
     1>c:\users\solbakken\documents\github\p-star\src\libwpl\operator_types.h(109): warning C4099: 'wpl_operator_struct' : type name first seen using 'class' now seen using 'struct'
                 c:\users\solbakken\documents\github\p-star\src\libwpl\shunting_yard_carrier.h(35) : see declaration of 'wpl_operator_struct'
     1>c:\users\solbakken\documents\github\p-star\src\libwpl\operator.h(36): warning C4099: 'wpl_operator_struct' : type name first seen using 'class' now seen using 'struct'
                 c:\users\solbakken\documents\github\p-star\src\libwpl\shunting_yard_carrier.h(35) : see declaration of 'wpl_operator_struct'
     1>c:\users\solbakken\documents\github\p-star\src\libwpl\value_bool.h(48): warning C4244: 'return' : conversion from 'int' to 'float', possible loss of data
     1>c:\users\solbakken\documents\github\p-star\src\libwpl\types.h(48): error C2503: 'wpl_identifier' : base classes cannot contain zero-sized arrays
     1>c:\users\solbakken\documents\github\p-star\src\libwpl\types.h(52): error C2614: 'wpl_type' : illegal member initialization: 'wpl_identifier' is not a base or member
     1>c:\users\solbakken\documents\github\p-star\src\libwpl\types.h(196): error C2440: 'return' : cannot convert from 'wpl_type_void *' to 'wpl_identifier *'
                 Types pointed to are unrelated; conversion requires reinterpret_cast, C-style cast or function-style cast
     1>c:\users\solbakken\documents\github\p-star\src\libwpl\types.h(197): error C2440: 'return' : cannot convert from 'wpl_type_bool *' to 'wpl_identifier *'
                 Types pointed to are unrelated; conversion requires reinterpret_cast, C-style cast or function-style cast
     1>c:\users\solbakken\documents\github\p-star\src\libwpl\types.h(198): error C2440: 'return' : cannot convert from 'wpl_type_int *' to 'wpl_identifier *'
                 Types pointed to are unrelated; conversion requires reinterpret_cast, C-style cast or function-style cast
     1>c:\users\solbakken\documents\github\p-star\src\libwpl\types.h(199): error C2440: 'return' : cannot convert from 'wpl_type_llint *' to 'wpl_identifier *'
                 Types pointed to are unrelated; conversion requires reinterpret_cast, C-style cast or function-style cast
     1>c:\users\solbakken\documents\github\p-star\src\libwpl\types.h(200): error C2440: 'return' : cannot convert from 'wpl_type_uint *' to 'wpl_identifier *'
                 Types pointed to are unrelated; conversion requires reinterpret_cast, C-style cast or function-style cast
     1>c:\users\solbakken\documents\github\p-star\src\libwpl\types.h(201): error C2440: 'return' : cannot convert from 'wpl_type_lluint *' to 'wpl_identifier *'
                 Types pointed to are unrelated; conversion requires reinterpret_cast, C-style cast or function-style cast
     1>c:\users\solbakken\documents\github\p-star\src\libwpl\types.h(202): error C2440: 'return' : cannot convert from 'wpl_type_float *' to 'wpl_identifier *'
                 Types pointed to are unrelated; conversion requires reinterpret_cast, C-style cast or function-style cast
     1>c:\users\solbakken\documents\github\p-star\src\libwpl\types.h(203): error C2440: 'return' : cannot convert from 'wpl_type_double *' to 'wpl_identifier *'
                 Types pointed to are unrelated; conversion requires reinterpret_cast, C-style cast or function-style cast
     1>c:\users\solbakken\documents\github\p-star\src\libwpl\types.h(204): error C2440: 'return' : cannot convert from 'wpl_type_string *' to 'wpl_identifier *'
                 Types pointed to are unrelated; conversion requires reinterpret_cast, C-style cast or function-style cast
     1>c:\users\solbakken\documents\github\p-star\src\libwpl\types.h(206): error C2440: 'return' : cannot convert from 'wpl_type_env *' to 'wpl_identifier *'
                 Types pointed to are unrelated; conversion requires reinterpret_cast, C-style cast or function-style cast
     1>c:\users\solbakken\documents\github\p-star\src\libwpl\types.h(207): error C2440: 'return' : cannot convert from 'wpl_type_get *' to 'wpl_identifier *'
                 Types pointed to are unrelated; conversion requires reinterpret_cast, C-style cast or function-style cast
     1>c:\users\solbakken\documents\github\p-star\src\libwpl\types.h(208): error C2440: 'return' : cannot convert from 'wpl_type_post *' to 'wpl_identifier *'
                 Types pointed to are unrelated; conversion requires reinterpret_cast, C-style cast or function-style cast
     1>c:\users\solbakken\documents\github\p-star\src\libwpl\types.h(209): error C2440: 'return' : cannot convert from 'wpl_type_stdin *' to 'wpl_identifier *'
                 Types pointed to are unrelated; conversion requires reinterpret_cast, C-style cast or function-style cast
     1>c:\users\solbakken\documents\github\p-star\src\libwpl\function.h(45): error C2503: 'wpl_identifier' : base classes cannot contain zero-sized arrays
     1>c:\users\solbakken\documents\github\p-star\src\libwpl\function.h(47): error C2065: 'WPL_VARNAME_SIZE' : undeclared identifier
     1>c:\users\solbakken\documents\github\p-star\src\libwpl\function.h(64): error C3668: 'wpl_function::suicide' : method with override specifier 'override' did not override any base class methods
     1>c:\users\solbakken\documents\github\p-star\src\libwpl\function.h(57): error C2614: 'wpl_function' : illegal member initialization: 'wpl_identifier' is not a base or member
         value_struct.cpp
     1>Done Building Project "C:\Users\Solbakken\Documents\GitHub\P-star\P-star for windows\P-star for windows.vcxproj" (Build target(s)) -- FAILED.

Build FAILED.

Time Elapsed 00:00:05.16
